#
# A fatal error has been detected by the Java Runtime Environment:
#
#  Internal Error (jvmciRuntime.cpp:1609), pid=30, tid=44
#  fatal error: Fatal exception in JVMCI: Error calling jdk.vm.ci.services.Services.serializeSavedProperties
#
# JRE version: OpenJDK Runtime Environment GraalVM CE 22.3.0 (17.0.5+8) (build 17.0.5+8-jvmci-22.3-b08)
# Java VM: OpenJDK 64-Bit Server VM GraalVM CE 22.3.0 (17.0.5+8-jvmci-22.3-b08, mixed mode, sharing, tiered, jvmci, jvmci compiler, compressed oops, compressed class ptrs, parallel gc, linux-amd64)
# Problematic frame:
# V  [libjvm.so+0x972714]  JVMCIRuntime::fatal_exception(JVMCIEnv*, char const*)+0x74
#
# Core dump will be written. Default location: Core dumps may be processed with "/usr/share/apport/apport -p%p -s%s -c%c -d%d -P%P -u%u -g%g -- %E" (or dumping to /home/runner/inventory-assignment-GerardSmith28-1/core.30)
#
# If you would like to submit a bug report, please visit:
#   https://github.com/oracle/graal/issues
#

---------------  S U M M A R Y ------------

Command Line: -XX:ThreadPriorityPolicy=1 -XX:+UnlockExperimentalVMOptions -XX:+EnableJVMCIProduct -XX:JVMCIThreadsPerNativeLibraryRuntime=1 -XX:-UnlockExperimentalVMOptions -Declipse.application=org.eclipse.jdt.ls.core.id1 -Dosgi.bundles.defaultStartLevel=4 -Declipse.product=org.eclipse.jdt.ls.core.product -Dlog.level=ALL -Xverify:none -XX:+UseParallelGC -XX:GCTimeRatio=4 -XX:AdaptiveSizePolicyWeight=90 -Dsun.zip.disableMemoryMapping=true -Xmx512m -Xms100m /nix/store/m6gcpi1ii6rghy04cjwjddcavv7i90df-jdt-language-server-1.9.0/share/java/plugins/org.eclipse.equinox.launcher_1.6.400.v20210924-0641.jar --add-modules=ALL-SYSTEM --add-opens java.base/java.util=ALL-UNNAMED --add-opens java.base/java.lang=ALL-UNNAMED -configuration /home/runner/.cache/jdt-language-server/config -data /home/runner/.cache/jdt-language-server/data/home/runner/inventory-assignment-GerardSmith28-1

Host: AMD EPYC 7B12, 8 cores, 1G, Ubuntu 20.04.2 LTS
Time: Tue Mar 21 15:31:18 2023 UTC elapsed time: 1038.741923 seconds (0d 0h 17m 18s)

---------------  T H R E A D  ---------------

Current thread (0x00007fc06c0b2240):  JavaThread "JVMCI-native CompilerThread0" daemon [_thread_in_vm, id=44, stack(0x00007fc070e1a000,0x00007fc07101a000)]


Current CompileTask:
JVMCI-native:1038743 8341       4       java.lang.Thread::interrupted (23 bytes)

Stack: [0x00007fc070e1a000,0x00007fc07101a000],  sp=0x00007fc071018380,  free space=2040k
Native frames: (J=compiled Java code, j=interpreted, Vv=VM code, C=native code)
V  [libjvm.so+0x972714]  JVMCIRuntime::fatal_exception(JVMCIEnv*, char const*)+0x74
V  [libjvm.so+0x93e2fe]  JVMCIEnv::copy_saved_properties()+0x14e
V  [libjvm.so+0x9732a9]  JVMCIRuntime::initialize(JVMCIEnv*)+0xb19
V  [libjvm.so+0x9738a2]  JVMCIRuntime::get_HotSpotJVMCIRuntime(JVMCIEnv*)+0x12
V  [libjvm.so+0x9749f2]  JVMCIRuntime::compile_method(JVMCIEnv*, JVMCICompiler*, methodHandle const&, int)+0xd2
V  [libjvm.so+0x5b0d20]  CompileBroker::invoke_compiler_on_method(CompileTask*)+0x1470
V  [libjvm.so+0x5b12e8]  CompileBroker::compiler_thread_loop()+0x528
V  [libjvm.so+0xd82460]  JavaThread::thread_main_inner()+0xd0
V  [libjvm.so+0xd85a40]  Thread::call_run()+0xc0
V  [libjvm.so+0xbdb1e1]  thread_native_entry(Thread*)+0xe1

Register to memory mapping:

RAX=0x00007fc073f68000 points into unknown readable memory: 0x0000000000000058 | 58 00 00 00 00 00 00 00
RBX=0x00007fc075063398: <offset 0x0000000000ef5398> in /nix/store/gpxl5qgg8kicmcvivwmybwjlpf7wh20l-graalvm17-ce-22.3.0/lib/server/libjvm.so at 0x00007fc07416e000
RCX=0x00007fc07501b1e8: <offset 0x0000000000ead1e8> in /nix/store/gpxl5qgg8kicmcvivwmybwjlpf7wh20l-graalvm17-ce-22.3.0/lib/server/libjvm.so at 0x00007fc07416e000
RDX=0x0000000000000649 is an unknown value
RSP=0x00007fc071018380 is pointing into the stack for thread: 0x00007fc06c0b2240
RBP=0x00007fc0710183a0 is pointing into the stack for thread: 0x00007fc06c0b2240
RSI=0x00007fc075063c48: <offset 0x0000000000ef5c48> in /nix/store/gpxl5qgg8kicmcvivwmybwjlpf7wh20l-graalvm17-ce-22.3.0/lib/server/libjvm.so at 0x00007fc07416e000
RDI=0x00000000e0000000 is an oop: [B 
{0x00000000e0000000} - klass: {type array byte}
 - length: 35
R8 =0x00007fc075063398: <offset 0x0000000000ef5398> in /nix/store/gpxl5qgg8kicmcvivwmybwjlpf7wh20l-graalvm17-ce-22.3.0/lib/server/libjvm.so at 0x00007fc07416e000
R9 =0x0000000000000003 is an unknown value
R10=0x00007fc0753b4da0: <offset 0x0000000001246da0> in /nix/store/gpxl5qgg8kicmcvivwmybwjlpf7wh20l-graalvm17-ce-22.3.0/lib/server/libjvm.so at 0x00007fc07416e000
R11=0x000000080044f048 is pointing into metadata
R12=0x0 is NULL
R13=0x00007fc06c0b2240 is a thread
R14=0x00007fc06c000b80 points into unknown readable memory: 0x00007fc075294a38 | 38 4a 29 75 c0 7f 00 00
R15=0x00007fc0753a2e40: <offset 0x0000000001234e40> in /nix/store/gpxl5qgg8kicmcvivwmybwjlpf7wh20l-graalvm17-ce-22.3.0/lib/server/libjvm.so at 0x00007fc07416e000


Registers:
RAX=0x00007fc073f68000, RBX=0x00007fc075063398, RCX=0x00007fc07501b1e8, RDX=0x0000000000000649
RSP=0x00007fc071018380, RBP=0x00007fc0710183a0, RSI=0x00007fc075063c48, RDI=0x00000000e0000000
R8 =0x00007fc075063398, R9 =0x0000000000000003, R10=0x00007fc0753b4da0, R11=0x000000080044f048
R12=0x0000000000000000, R13=0x00007fc06c0b2240, R14=0x00007fc06c000b80, R15=0x00007fc0753a2e40
RIP=0x00007fc074ae0714, EFLAGS=0x0000000000010206, CSGSFS=0x002b000000000033, ERR=0x0000000000000006
  TRAPNO=0x000000000000000e

Top of Stack: (sp=0x00007fc071018380)
0x00007fc071018380:   00007fc071018940 00007fc06c0b2240
0x00007fc071018390:   00007fc0728f98c8 0000000800c417a0
0x00007fc0710183a0:   00007fc071018500 00007fc074aac2fe
0x00007fc0710183b0:   00007fc0710183e0 00007fc071018440 

Instructions: (pc=0x00007fc074ae0714)
0x00007fc074ae0614:   30 e8 f6 cf e8 ff 4c 89 e7 e8 2e 48 d1 ff 84 db
0x00007fc074ae0624:   75 2a 4d 85 ed 74 04 4d 8b 6d 00 48 83 c4 08 44
0x00007fc074ae0634:   89 f9 4c 89 f2 4c 89 ee 5b 4c 89 e7 41 5c 41 5d
0x00007fc074ae0644:   41 5e 41 5f 5d e9 e2 47 d1 ff 66 90 48 83 c4 08
0x00007fc074ae0654:   5b 41 5c 41 5d 41 5e 41 5f 5d c3 90 31 d2 be 08
0x00007fc074ae0664:   00 00 00 4c 89 ff e8 b1 78 a3 ff 49 89 c5 e9 37
0x00007fc074ae0674:   ff ff ff 66 0f 1f 84 00 00 00 00 00 48 8b 7a 08
0x00007fc074ae0684:   e9 6d ff ff ff 0f 1f 80 00 00 00 00 e8 5b 48 0a
0x00007fc074ae0694:   00 84 c0 75 89 e9 6a ff ff ff 66 90 55 48 89 e5
0x00007fc074ae06a4:   41 56 41 55 41 54 49 89 fc 53 48 89 f3 66 48 8d
0x00007fc074ae06b4:   3d 27 5e 85 00 66 66 48 e8 df 43 8d ff 4c 8b 28
0x00007fc074ae06c4:   8b 05 be 72 8a 00 85 c0 75 14 ba 01 00 00 00 48
0x00007fc074ae06d4:   8d 0d ae 72 8a 00 f0 0f b1 11 85 c0 74 4e be c8
0x00007fc074ae06e4:   00 00 00 4c 89 ef e8 01 0b 41 00 48 8d 05 12 ac
0x00007fc074ae06f4:   85 00 49 89 d8 48 8d 0d e8 aa 53 00 ba 49 06 00
0x00007fc074ae0704:   00 48 8d 35 3c 35 58 00 bf 00 00 00 e0 48 8b 00
0x00007fc074ae0714:   c6 00 58 31 c0 e8 e2 91 c6 ff 5b 41 5c 41 5d 41
0x00007fc074ae0724:   5e 5d e9 55 34 26 00 0f 1f 44 00 00 48 8d 05 81
0x00007fc074ae0734:   a3 8b 00 48 89 df 4c 8b 30 e8 9e 43 8d ff 48 89
0x00007fc074ae0744:   de 48 89 c2 49 8b 06 4c 89 f7 ff 50 08 4c 89 f7
0x00007fc074ae0754:   e8 a7 5c 27 00 4d 85 e4 74 12 be 01 00 00 00 4c
0x00007fc074ae0764:   89 e7 e8 35 43 fc ff eb 82 0f 1f 00 be 01 00 00
0x00007fc074ae0774:   00 4c 89 ef e8 d3 fd ff ff e9 6d ff ff ff 66 66
0x00007fc074ae0784:   2e 0f 1f 84 00 00 00 00 00 0f 1f 00 55 48 89 e5
0x00007fc074ae0794:   41 57 41 56 41 55 41 54 53 48 81 ec 08 02 00 00
0x00007fc074ae07a4:   64 48 8b 04 25 28 00 00 00 48 89 45 c8 8b 07 83
0x00007fc074ae07b4:   f8 02 0f 84 11 04 00 00 4c 8b 6f 18 49 89 ff 49
0x00007fc074ae07c4:   89 f4 4d 85 ed 74 14 4c 89 ef e8 5d 57 22 00 41
0x00007fc074ae07d4:   8b 07 83 f8 02 0f 84 19 04 00 00 48 8d 1d 9a 06
0x00007fc074ae07e4:   8a 00 4c 8d 35 0b 3c 58 00 eb 38 90 48 85 d2 7f
0x00007fc074ae07f4:   0d 48 8d 05 b4 c0 85 00 48 83 38 00 7e 0e 41 8b
0x00007fc074ae0804:   77 2c 4c 89 f7 31 c0 e8 a0 b2 f7 ff 49 8b 7f 18 


Stack slot to memory mapping:
stack at sp + 0 slots: 0x00007fc071018940 is pointing into the stack for thread: 0x00007fc06c0b2240
stack at sp + 1 slots: 0x00007fc06c0b2240 is a thread
stack at sp + 2 slots: 0x00007fc0728f98c8 points into unknown readable memory: 0x6573001880c9ffff | ff ff c9 80 18 00 73 65
stack at sp + 3 slots: 0x0000000800c417a0 is a pointer to class: 
jdk.vm.ci.services.Services {0x0000000800c417a0}
 - instance size:     2
 - klass size:        65
 - access:            public final synchronized 
 - state:             fully_initialized
 - name:              'jdk/vm/ci/services/Services'
 - super:             'java/lang/Object'
 - sub:               
 - arrays:            NULL
 - methods:           Array<T>(0x00007fc071841380)
 - method ordering:   Array<T>(0x0000000800928960)
 - default_methods:   Array<T>(0x0000000000000000)
 - local interfaces:  Array<T>(0x00000008005ce810)
 - trans. interfaces: Array<T>(0x00000008005ce810)
 - constants:         constant pool [427] {0x00007fc071840460} for 'jdk/vm/ci/services/Services' cache=0x00007fc071842650
 - class loader data:  loader data: 0x00007fc06c028410 of 'bootstrap'
 - source file:       'Services.java'
 - class annotations:       Array<T>(0x0000000000000000)
 - class type annotations:  Array<T>(0x0000000000000000)
 - field annotations:       Array<T>(0x0000000000000000)
 - field type annotations:  Array<T>(0x0000000000000000)
 - inner classes:     Array<T>(0x00007fc071842620)
 - nest members:     Array<T>(0x00007fc071842640)
 - permitted subclasses:     Array<T>(0x00000008005ce7a0)
 - java mirror:       a 'java/lang/Class'{0x00000000e017da30} = 'jdk/vm/ci/services/Services'
 - vtable length      5  (start addr: 0x0000000800c41970)
 - itable length      2 (start addr: 0x0000000800c41998)
 - ---- static fields (3 words):
 - public static final 'IS_BUILDING_NATIVE_IMAGE' 'Z' @128 
 - public static final 'IS_IN_NATIVE_IMAGE' 'Z' @129 
 - private static volatile 'savedProperties' 'Ljava/util/Map;' @112 
 - static final 'JVMCI_ENABLED' 'Z' @130 
 - private static final 'servicesCache' 'Ljava/util/Map;' @116 
 - private static final 'MAX_UNICODE_IN_UTF8_LENGTH' 'I' @120 
 - private static final 'MAX_UTF8_PROPERTY_STRING_LENGTH' 'I' @124 
 - ---- non-static fields (0 words):
 - non-static oop maps: 
stack at sp + 4 slots: 0x00007fc071018500 is pointing into the stack for thread: 0x00007fc06c0b2240
stack at sp + 5 slots: 0x00007fc074aac2fe: <offset 0x000000000093e2fe> in /nix/store/gpxl5qgg8kicmcvivwmybwjlpf7wh20l-graalvm17-ce-22.3.0/lib/server/libjvm.so at 0x00007fc07416e000
stack at sp + 6 slots: 0x00007fc0710183e0 is pointing into the stack for thread: 0x00007fc06c0b2240
stack at sp + 7 slots: 0x00007fc071018440 is pointing into the stack for thread: 0x00007fc06c0b2240


---------------  P R O C E S S  ---------------

Threads class SMR info:
_java_thread_list=0x00007fbfcc0055e0, length=26, elements={
0x00007fc06c0266b0, 0x00007fc06c0a64f0, 0x00007fc06c0a7930, 0x00007fc06c0ae0b0,
0x00007fc06c0af460, 0x00007fc06c0b0850, 0x00007fc06c0b2240, 0x00007fc06c0b3750,
0x00007fc06c0b4ba0, 0x00007fc06c0e87b0, 0x00007fc06c130220, 0x00007fc06c333b10,
0x00007fc06c3671f0, 0x00007fc06c368ff0, 0x00007fc06c207320, 0x00007fc004016e00,
0x00007fc0042bac50, 0x00007fc0044ccdd0, 0x00007fc004637450, 0x00007fbff0001320,
0x00007fc06c409a70, 0x00007fc06c3aa590, 0x00007fbfd4000ff0, 0x00007fbfd8001200,
0x00007fbfd4455ba0, 0x00007fbff40f8040
}

Java Threads: ( => current thread )
  0x00007fc06c0266b0 JavaThread "main" [_thread_blocked, id=36, stack(0x00007fc073f89000,0x00007fc074089000)]
  0x00007fc06c0a64f0 JavaThread "Reference Handler" daemon [_thread_blocked, id=39, stack(0x00007fc071700000,0x00007fc071800000)]
  0x00007fc06c0a7930 JavaThread "Finalizer" daemon [_thread_blocked, id=40, stack(0x00007fc071600000,0x00007fc071700000)]
  0x00007fc06c0ae0b0 JavaThread "Signal Dispatcher" daemon [_thread_blocked, id=41, stack(0x00007fc07121a000,0x00007fc07131a000)]
  0x00007fc06c0af460 JavaThread "Service Thread" daemon [_thread_blocked, id=42, stack(0x00007fc07111a000,0x00007fc07121a000)]
  0x00007fc06c0b0850 JavaThread "Monitor Deflation Thread" daemon [_thread_blocked, id=43, stack(0x00007fc07101a000,0x00007fc07111a000)]
=>0x00007fc06c0b2240 JavaThread "JVMCI-native CompilerThread0" daemon [_thread_in_vm, id=44, stack(0x00007fc070e1a000,0x00007fc07101a000)]
  0x00007fc06c0b3750 JavaThread "C1 CompilerThread0" daemon [_thread_blocked, id=45, stack(0x00007fc070c1a000,0x00007fc070e1a000)]
  0x00007fc06c0b4ba0 JavaThread "Sweeper thread" daemon [_thread_blocked, id=46, stack(0x00007fc070b1a000,0x00007fc070c1a000)]
  0x00007fc06c0e87b0 JavaThread "Common-Cleaner" daemon [_thread_blocked, id=47, stack(0x00007fc070a1a000,0x00007fc070b1a000)]
  0x00007fc06c130220 JavaThread "Notification Thread" daemon [_thread_blocked, id=54, stack(0x00007fc07091a000,0x00007fc070a1a000)]
  0x00007fc06c333b10 JavaThread "Active Thread: Equinox Container: 5f50bfb0-cbef-4244-b384-6e392f49061f" [_thread_blocked, id=97, stack(0x00007fc070600000,0x00007fc070700000)]
  0x00007fc06c3671f0 JavaThread "Framework Event Dispatcher: Equinox Container: 5f50bfb0-cbef-4244-b384-6e392f49061f" daemon [_thread_blocked, id=98, stack(0x00007fc070400000,0x00007fc070500000)]
  0x00007fc06c368ff0 JavaThread "Start Level: Equinox Container: 5f50bfb0-cbef-4244-b384-6e392f49061f" daemon [_thread_blocked, id=99, stack(0x00007fc070200000,0x00007fc070300000)]
  0x00007fc06c207320 JavaThread "Refresh Thread: Equinox Container: 5f50bfb0-cbef-4244-b384-6e392f49061f" daemon [_thread_blocked, id=101, stack(0x00007fc070000000,0x00007fc070100000)]
  0x00007fc004016e00 JavaThread "SCR Component Actor" daemon [_thread_blocked, id=102, stack(0x00007fc0533b3000,0x00007fc0534b3000)]
  0x00007fc0042bac50 JavaThread "Worker-JM" [_thread_blocked, id=104, stack(0x00007fc050d00000,0x00007fc050e00000)]
  0x00007fc0044ccdd0 JavaThread "Java indexing" daemon [_thread_blocked, id=107, stack(0x00007fc050700000,0x00007fc050800000)]
  0x00007fc004637450 JavaThread "Bundle File Closer" daemon [_thread_blocked, id=108, stack(0x00007fc050500000,0x00007fc050600000)]
  0x00007fbff0001320 JavaThread "Worker-2: Java indexing... " [_thread_blocked, id=109, stack(0x00007fc050300000,0x00007fc050400000)]
  0x00007fc06c409a70 JavaThread "pool-3-thread-1" [_thread_blocked, id=110, stack(0x00007fc050100000,0x00007fc050200000)]
  0x00007fc06c3aa590 JavaThread "pool-2-thread-1" [_thread_in_native, id=111, stack(0x00007fc050f00000,0x00007fc051000000)]
  0x00007fbfd4000ff0 JavaThread "Worker-4" [_thread_blocked, id=113, stack(0x00007fc01ab00000,0x00007fc01ac00000)]
  0x00007fbfd8001200 JavaThread "Worker-5" [_thread_blocked, id=193, stack(0x00007fc01a700000,0x00007fc01a800000)]
  0x00007fbfd4455ba0 JavaThread "Okio Watchdog" daemon [_thread_blocked, id=222, stack(0x00007fc01a300000,0x00007fc01a400000)]
  0x00007fbff40f8040 JavaThread "Thread-4" [_thread_blocked, id=410, stack(0x00007fc01a200000,0x00007fc01a300000)]

Other Threads:
  0x00007fc06c0a1c30 VMThread "VM Thread" [stack: 0x00007fc0720a2000,0x00007fc0721a2000] [id=38] _threads_hazard_ptr=0x00007fbfcc0055e0
  0x00007fc06c131bc0 WatcherThread [stack: 0x00007fc07081a000,0x00007fc07091a000] [id=56]
  0x00007fc06c03df50 GCTaskThread "GC Thread#0" [stack: 0x00007fc073b4c000,0x00007fc073c4c000] [id=37]

Threads with active compile tasks:
JVMCI-native CompilerThread0  1038771 8341       4       java.lang.Thread::interrupted (23 bytes)

VM state: synchronizing (normal execution)

VM Mutex/Monitor currently owned by a thread:  ([mutex/lock_event])
[0x00007fc06c023860] Threads_lock - owner thread: 0x00007fc06c0a1c30
[0x00007fc06c024010] Heap_lock - owner thread: 0x00007fc0044ccdd0

OutOfMemory and StackOverflow Exception counts:
OutOfMemoryError java_heap_errors=1
LinkageErrors=70

Heap address: 0x00000000e0000000, size: 512 MB, Compressed Oops mode: 32-bit

CDS archive(s) mapped at: [0x0000000800000000-0x0000000800bc8000-0x0000000800bc8000), size 12353536, SharedBaseAddress: 0x0000000800000000, ArchiveRelocationMode: 0.
Compressed class space mapped at: 0x0000000800c00000-0x0000000840c00000, reserved size: 1073741824
Narrow klass base: 0x0000000800000000, Narrow klass shift: 0, Narrow klass range: 0x100000000

GC Precious Log:
 CPUs: 8 total, 1 available
 Memory: 1024M
 Large Page Support: Disabled
 NUMA Support: Disabled
 Compressed Oops: Enabled (32-bit)
 Alignments: Space 512K, Generation 512K, Heap 2M
 Heap Min Capacity: 100M
 Heap Initial Capacity: 100M
 Heap Max Capacity: 512M
 Pre-touch: Disabled
 Parallel Workers: 1

Heap:
 PSYoungGen      total 48128K, used 35839K [0x00000000f5580000, 0x00000000f9200000, 0x0000000100000000)
  eden space 35840K, 99% used [0x00000000f5580000,0x00000000f787fff0,0x00000000f7880000)
  from space 12288K, 0% used [0x00000000f7880000,0x00000000f7880000,0x00000000f8480000)
  to   space 9216K, 0% used [0x00000000f8780000,0x00000000f8780000,0x00000000f9080000)
 ParOldGen       total 349696K, used 349695K [0x00000000e0000000, 0x00000000f5580000, 0x00000000f5580000)
  object space 349696K, 99% used [0x00000000e0000000,0x00000000f557fff0,0x00000000f5580000)
 Metaspace       used 57735K, committed 58880K, reserved 1105920K
  class space    used 5840K, committed 6272K, reserved 1048576K

Card table byte_map: [0x00007fc073c4c000,0x00007fc073d4d000] _byte_map_base: 0x00007fc07354c000

Marking Bits: (ParMarkBitMap*) 0x00007fc07539c4c0
 Begin Bits: [0x00007fc072a9f000, 0x00007fc07329f000)
 End Bits:   [0x00007fc07329f000, 0x00007fc073a9f000)

Polling page: 0x00007fc073f66000

Metaspace:

Usage:
  Non-class:     50.68 MB used.
      Class:      5.70 MB used.
       Both:     56.38 MB used.

Virtual space:
  Non-class space:       56.00 MB reserved,      51.38 MB ( 92%) committed,  7 nodes.
      Class space:        1.00 GB reserved,       6.12 MB ( <1%) committed,  1 nodes.
             Both:        1.05 GB reserved,      57.50 MB (  5%) committed. 

Chunk freelists:
   Non-Class:  3.94 MB
       Class:  2.01 MB
        Both:  5.95 MB

MaxMetaspaceSize: unlimited
CompressedClassSpaceSize: 1.00 GB
Initial GC threshold: 21.00 MB
Current GC threshold: 95.88 MB
CDS: on
MetaspaceReclaimPolicy: balanced
 - commit_granule_bytes: 65536.
 - commit_granule_words: 8192.
 - virtual_space_node_default_size: 1048576.
 - enlarge_chunks_in_place: 1.
 - new_chunks_are_fully_committed: 0.
 - uncommit_free_chunks: 1.
 - use_allocation_guard: 0.
 - handle_deallocations: 1.


Internal statistics:

num_allocs_failed_limit: 6.
num_arena_births: 494.
num_arena_deaths: 148.
num_vsnodes_births: 8.
num_vsnodes_deaths: 0.
num_space_committed: 920.
num_space_uncommitted: 0.
num_chunks_returned_to_freelist: 209.
num_chunks_taken_from_freelist: 2761.
num_chunk_merges: 86.
num_chunk_splits: 1784.
num_chunks_enlarged: 1122.
num_purges: 2.
num_inconsistent_stats: 0.

CodeHeap 'non-profiled nmethods': size=120036Kb used=2747Kb max_used=2747Kb free=117288Kb
 bounds [0x00007fc05af7a000, 0x00007fc05b22a000, 0x00007fc0624b3000]
CodeHeap 'profiled nmethods': size=120032Kb used=14518Kb max_used=14518Kb free=105513Kb
 bounds [0x00007fc053a42000, 0x00007fc054872000, 0x00007fc05af7a000]
CodeHeap 'non-nmethods': size=5692Kb used=1396Kb max_used=1398Kb free=4296Kb
 bounds [0x00007fc0534b3000, 0x00007fc053723000, 0x00007fc053a42000]
 total_blobs=7758 nmethods=7023 adapters=628
 compilation: enabled
              stopped_count=0, restarted_count=0
 full_count=0

JVMCI Events (20 events):
Event: 800.173 Thread 0x00007fc06c0b2240 destroyed JavaVM[6]@0x00007fc019c9e340 for JVMCI runtime 0
Event: 800.173 Thread 0x00007fc06c0b2240 compacted oop handles in JVMCI runtime 0 from 76 to 76
Event: 800.173 Thread 0x00007fc06c0b2240 releasing handles for JVMCI runtime 0: oop handles=76, metadata handles={total=131, live=130, blocks=31}
Event: 800.173 Thread 0x00007fc06c0b2240 detached from JVMCI runtime 0
Event: 910.534 Thread 0x00007fc06c0b2240 attached to JVMCI runtime 0
Event: 910.536 Thread 0x00007fc06c0b2240 created JavaVM[7]@0x00007fc019c9e340 for JVMCI runtime 0
Event: 912.124 Thread 0x00007fc06c0b2240 initializing JVMCI runtime 0
Event: 912.124 Thread 0x00007fc06c0b2240 done waiting for JavaVM references initialization in JVMCI runtime 0
Event: 945.020 Thread 0x00007fc06c0b2240 initialized JVMCI runtime 0
Event: 953.198 Thread 0x00007fc06c0b2240 detaching from JVMCI runtime 0: releasing idle compiler thread (0 other threads still attached)
Event: 953.198 Thread 0x00007fc06c0b2240 shutting down HotSpotJVMCIRuntime for JVMCI runtime 0
Event: 953.198 Thread 0x00007fc06c0b2240 shut down JVMCI runtime 0
Event: 953.200 Thread 0x00007fc06c0b2240 destroyed JavaVM[7]@0x00007fc019c9e340 for JVMCI runtime 0
Event: 953.200 Thread 0x00007fc06c0b2240 compacted oop handles in JVMCI runtime 0 from 53 to 53
Event: 953.200 Thread 0x00007fc06c0b2240 releasing handles for JVMCI runtime 0: oop handles=53, metadata handles={total=96, live=85, blocks=31}
Event: 953.200 Thread 0x00007fc06c0b2240 detached from JVMCI runtime 0
Event: 1013.673 Thread 0x00007fc06c0b2240 attached to JVMCI runtime 0
Event: 1013.675 Thread 0x00007fc06c0b2240 created JavaVM[8]@0x00007fc019c9e340 for JVMCI runtime 0
Event: 1013.675 Thread 0x00007fc06c0b2240 initializing JVMCI runtime 0
Event: 1013.675 Thread 0x00007fc06c0b2240 done waiting for JavaVM references initialization in JVMCI runtime 0

Compilation events (20 events):
Event: 796.680 Thread 0x00007fc06c0b2240 nmethod 8330 0x00007fc05b227c10 code [0x00007fc05b227de0, 0x00007fc05b228110]
Event: 820.876 Thread 0x00007fc06c0b3750 8332   !   3       java.util.AbstractList$Itr::next (46 bytes)
Event: 820.877 Thread 0x00007fc06c0b3750 nmethod 8332 0x00007fc05486b410 code [0x00007fc05486b620, 0x00007fc05486bc70]
Event: 825.713 Thread 0x00007fc06c0b3750 8333       3       java.util.concurrent.ScheduledThreadPoolExecutor::canRunInCurrentRunState (61 bytes)
Event: 825.713 Thread 0x00007fc06c0b3750 nmethod 8333 0x00007fc05486be90 code [0x00007fc05486c0a0, 0x00007fc05486cb40]
Event: 848.229 Thread 0x00007fc06c0b3750 8334       3       org.eclipse.jdt.internal.core.JavaModelManager::getPerProjectInfoCheckExistence (38 bytes)
Event: 848.230 Thread 0x00007fc06c0b3750 nmethod 8334 0x00007fc05486cd90 code [0x00007fc05486d020, 0x00007fc05486e140]
Event: 910.534 Thread 0x00007fc06c0b2240 8335       4       java.util.Collections$UnmodifiableCollection::contains (11 bytes)
Event: 910.535 Thread 0x00007fc06c0b3750 8336       3       org.eclipse.jdt.core.dom.ASTVisitor::preVisit2 (7 bytes)
Event: 912.124 Thread 0x00007fc06c0b3750 nmethod 8336 0x00007fc05486e610 code [0x00007fc05486e7c0, 0x00007fc05486eae0]
Event: 912.124 Thread 0x00007fc06c0b3750 8337       3       org.eclipse.jdt.core.dom.ASTNode::hashCode (5 bytes)
Event: 912.124 Thread 0x00007fc06c0b3750 nmethod 8337 0x00007fc05486eb90 code [0x00007fc05486ed40, 0x00007fc05486ee80]
Event: 918.304 Thread 0x00007fc06c0b3750 8338       3       org.eclipse.jdt.core.dom.ASTNode$NodeList::size (8 bytes)
Event: 918.304 Thread 0x00007fc06c0b3750 nmethod 8338 0x00007fc05486ef10 code [0x00007fc05486f0a0, 0x00007fc05486f3b0]
Event: 951.258 Thread 0x00007fc06c0b2240 nmethod 8335 0x00007fc05b228490 code [0x00007fc05b228600, 0x00007fc05b228670]
Event: 951.258 Thread 0x00007fc06c0b2240 8339       4       java.util.Collections$UnmodifiableMap$UnmodifiableEntrySet$1::hasNext (10 bytes)
Event: 951.268 Thread 0x00007fc06c0b2240 nmethod 8339 0x00007fc05b228790 code [0x00007fc05b228940, 0x00007fc05b228a28]
Event: 981.691 Thread 0x00007fc06c0b3750 8340       3       java.util.concurrent.locks.AbstractQueuedSynchronizer$Node::<init> (5 bytes)
Event: 981.692 Thread 0x00007fc06c0b3750 nmethod 8340 0x00007fc05486f490 code [0x00007fc05486f640, 0x00007fc05486f790]
Event: 1013.673 Thread 0x00007fc06c0b2240 8341       4       java.lang.Thread::interrupted (23 bytes)

GC Heap History (20 events):
Event: 1022.738 GC heap before
{Heap before GC invocations=666 (full 594):
 PSYoungGen      total 48128K, used 35839K [0x00000000f5580000, 0x00000000f9200000, 0x0000000100000000)
  eden space 35840K, 99% used [0x00000000f5580000,0x00000000f787fff8,0x00000000f7880000)
  from space 12288K, 0% used [0x00000000f7880000,0x00000000f7880000,0x00000000f8480000)
  to   space 9216K, 0% used [0x00000000f8780000,0x00000000f8780000,0x00000000f9080000)
 ParOldGen       total 349696K, used 349693K [0x00000000e0000000, 0x00000000f5580000, 0x00000000f5580000)
  object space 349696K, 99% used [0x00000000e0000000,0x00000000f557f598,0x00000000f5580000)
 Metaspace       used 57735K, committed 58880K, reserved 1105920K
  class space    used 5840K, committed 6272K, reserved 1048576K
}
Event: 1024.222 GC heap after
{Heap after GC invocations=666 (full 594):
 PSYoungGen      total 45056K, used 35839K [0x00000000f5580000, 0x00000000f9200000, 0x0000000100000000)
  eden space 35840K, 99% used [0x00000000f5580000,0x00000000f787fed0,0x00000000f7880000)
  from space 9216K, 0% used [0x00000000f8780000,0x00000000f8780000,0x00000000f9080000)
  to   space 12288K, 0% used [0x00000000f7880000,0x00000000f7880000,0x00000000f8480000)
 ParOldGen       total 349696K, used 349693K [0x00000000e0000000, 0x00000000f5580000, 0x00000000f5580000)
  object space 349696K, 99% used [0x00000000e0000000,0x00000000f557f4f0,0x00000000f5580000)
 Metaspace       used 57735K, committed 58880K, reserved 1105920K
  class space    used 5840K, committed 6272K, reserved 1048576K
}
Event: 1024.222 GC heap before
{Heap before GC invocations=667 (full 595):
 PSYoungGen      total 45056K, used 35839K [0x00000000f5580000, 0x00000000f9200000, 0x0000000100000000)
  eden space 35840K, 99% used [0x00000000f5580000,0x00000000f787fff0,0x00000000f7880000)
  from space 9216K, 0% used [0x00000000f8780000,0x00000000f8780000,0x00000000f9080000)
  to   space 12288K, 0% used [0x00000000f7880000,0x00000000f7880000,0x00000000f8480000)
 ParOldGen       total 349696K, used 349693K [0x00000000e0000000, 0x00000000f5580000, 0x00000000f5580000)
  object space 349696K, 99% used [0x00000000e0000000,0x00000000f557f4f0,0x00000000f5580000)
 Metaspace       used 57735K, committed 58880K, reserved 1105920K
  class space    used 5840K, committed 6272K, reserved 1048576K
}
Event: 1025.706 GC heap after
{Heap after GC invocations=667 (full 595):
 PSYoungGen      total 48128K, used 35839K [0x00000000f5580000, 0x00000000f9200000, 0x0000000100000000)
  eden space 35840K, 99% used [0x00000000f5580000,0x00000000f787ffd8,0x00000000f7880000)
  from space 12288K, 0% used [0x00000000f7880000,0x00000000f7880000,0x00000000f8480000)
  to   space 9216K, 0% used [0x00000000f8780000,0x00000000f8780000,0x00000000f9080000)
 ParOldGen       total 349696K, used 349693K [0x00000000e0000000, 0x00000000f5580000, 0x00000000f5580000)
  object space 349696K, 99% used [0x00000000e0000000,0x00000000f557f4f0,0x00000000f5580000)
 Metaspace       used 57735K, committed 58880K, reserved 1105920K
  class space    used 5840K, committed 6272K, reserved 1048576K
}
Event: 1025.707 GC heap before
{Heap before GC invocations=668 (full 596):
 PSYoungGen      total 48128K, used 35840K [0x00000000f5580000, 0x00000000f9200000, 0x0000000100000000)
  eden space 35840K, 100% used [0x00000000f5580000,0x00000000f7880000,0x00000000f7880000)
  from space 12288K, 0% used [0x00000000f7880000,0x00000000f7880000,0x00000000f8480000)
  to   space 9216K, 0% used [0x00000000f8780000,0x00000000f8780000,0x00000000f9080000)
 ParOldGen       total 349696K, used 349694K [0x00000000e0000000, 0x00000000f5580000, 0x00000000f5580000)
  object space 349696K, 99% used [0x00000000e0000000,0x00000000f557fa00,0x00000000f5580000)
 Metaspace       used 57735K, committed 58880K, reserved 1105920K
  class space    used 5840K, committed 6272K, reserved 1048576K
}
Event: 1027.210 GC heap after
{Heap after GC invocations=668 (full 596):
 PSYoungGen      total 45056K, used 35839K [0x00000000f5580000, 0x00000000f9200000, 0x0000000100000000)
  eden space 35840K, 99% used [0x00000000f5580000,0x00000000f787ffa8,0x00000000f7880000)
  from space 9216K, 0% used [0x00000000f8780000,0x00000000f8780000,0x00000000f9080000)
  to   space 12288K, 0% used [0x00000000f7880000,0x00000000f7880000,0x00000000f8480000)
 ParOldGen       total 349696K, used 349693K [0x00000000e0000000, 0x00000000f5580000, 0x00000000f5580000)
  object space 349696K, 99% used [0x00000000e0000000,0x00000000f557f700,0x00000000f5580000)
 Metaspace       used 57735K, committed 58880K, reserved 1105920K
  class space    used 5840K, committed 6272K, reserved 1048576K
}
Event: 1027.210 GC heap before
{Heap before GC invocations=669 (full 597):
 PSYoungGen      total 45056K, used 35839K [0x00000000f5580000, 0x00000000f9200000, 0x0000000100000000)
  eden space 35840K, 99% used [0x00000000f5580000,0x00000000f787fff0,0x00000000f7880000)
  from space 9216K, 0% used [0x00000000f8780000,0x00000000f8780000,0x00000000f9080000)
  to   space 12288K, 0% used [0x00000000f7880000,0x00000000f7880000,0x00000000f8480000)
 ParOldGen       total 349696K, used 349693K [0x00000000e0000000, 0x00000000f5580000, 0x00000000f5580000)
  object space 349696K, 99% used [0x00000000e0000000,0x00000000f557f700,0x00000000f5580000)
 Metaspace       used 57735K, committed 58880K, reserved 1105920K
  class space    used 5840K, committed 6272K, reserved 1048576K
}
Event: 1028.818 GC heap after
{Heap after GC invocations=669 (full 597):
 PSYoungGen      total 48128K, used 35839K [0x00000000f5580000, 0x00000000f9200000, 0x0000000100000000)
  eden space 35840K, 99% used [0x00000000f5580000,0x00000000f787fff0,0x00000000f7880000)
  from space 12288K, 0% used [0x00000000f7880000,0x00000000f7880000,0x00000000f8480000)
  to   space 9216K, 0% used [0x00000000f8780000,0x00000000f8780000,0x00000000f9080000)
 ParOldGen       total 349696K, used 349693K [0x00000000e0000000, 0x00000000f5580000, 0x00000000f5580000)
  object space 349696K, 99% used [0x00000000e0000000,0x00000000f557f6e0,0x00000000f5580000)
 Metaspace       used 57735K, committed 58880K, reserved 1105920K
  class space    used 5840K, committed 6272K, reserved 1048576K
}
Event: 1028.819 GC heap before
{Heap before GC invocations=670 (full 598):
 PSYoungGen      total 48128K, used 35839K [0x00000000f5580000, 0x00000000f9200000, 0x0000000100000000)
  eden space 35840K, 99% used [0x00000000f5580000,0x00000000f787fff0,0x00000000f7880000)
  from space 12288K, 0% used [0x00000000f7880000,0x00000000f7880000,0x00000000f8480000)
  to   space 9216K, 0% used [0x00000000f8780000,0x00000000f8780000,0x00000000f9080000)
 ParOldGen       total 349696K, used 349695K [0x00000000e0000000, 0x00000000f5580000, 0x00000000f5580000)
  object space 349696K, 99% used [0x00000000e0000000,0x00000000f557fdb8,0x00000000f5580000)
 Metaspace       used 57735K, committed 58880K, reserved 1105920K
  class space    used 5840K, committed 6272K, reserved 1048576K
}
Event: 1030.370 GC heap after
{Heap after GC invocations=670 (full 598):
 PSYoungGen      total 45056K, used 35839K [0x00000000f5580000, 0x00000000f9200000, 0x0000000100000000)
  eden space 35840K, 99% used [0x00000000f5580000,0x00000000f787ff18,0x00000000f7880000)
  from space 9216K, 0% used [0x00000000f8780000,0x00000000f8780000,0x00000000f9080000)
  to   space 12288K, 0% used [0x00000000f7880000,0x00000000f7880000,0x00000000f8480000)
 ParOldGen       total 349696K, used 349695K [0x00000000e0000000, 0x00000000f5580000, 0x00000000f5580000)
  object space 349696K, 99% used [0x00000000e0000000,0x00000000f557fdb8,0x00000000f5580000)
 Metaspace       used 57735K, committed 58880K, reserved 1105920K
  class space    used 5840K, committed 6272K, reserved 1048576K
}
Event: 1030.370 GC heap before
{Heap before GC invocations=671 (full 599):
 PSYoungGen      total 45056K, used 35840K [0x00000000f5580000, 0x00000000f9200000, 0x0000000100000000)
  eden space 35840K, 100% used [0x00000000f5580000,0x00000000f7880000,0x00000000f7880000)
  from space 9216K, 0% used [0x00000000f8780000,0x00000000f8780000,0x00000000f9080000)
  to   space 12288K, 0% used [0x00000000f7880000,0x00000000f7880000,0x00000000f8480000)
 ParOldGen       total 349696K, used 349695K [0x00000000e0000000, 0x00000000f5580000, 0x00000000f5580000)
  object space 349696K, 99% used [0x00000000e0000000,0x00000000f557fdb8,0x00000000f5580000)
 Metaspace       used 57735K, committed 58880K, reserved 1105920K
  class space    used 5840K, committed 6272K, reserved 1048576K
}
Event: 1032.117 GC heap after
{Heap after GC invocations=671 (full 599):
 PSYoungGen      total 48128K, used 35839K [0x00000000f5580000, 0x00000000f9200000, 0x0000000100000000)
  eden space 35840K, 99% used [0x00000000f5580000,0x00000000f787fff0,0x00000000f7880000)
  from space 12288K, 0% used [0x00000000f7880000,0x00000000f7880000,0x00000000f8480000)
  to   space 9216K, 0% used [0x00000000f8780000,0x00000000f8780000,0x00000000f9080000)
 ParOldGen       total 349696K, used 349695K [0x00000000e0000000, 0x00000000f5580000, 0x00000000f5580000)
  object space 349696K, 99% used [0x00000000e0000000,0x00000000f557fdb8,0x00000000f5580000)
 Metaspace       used 57735K, committed 58880K, reserved 1105920K
  class space    used 5840K, committed 6272K, reserved 1048576K
}
Event: 1032.123 GC heap before
{Heap before GC invocations=672 (full 600):
 PSYoungGen      total 48128K, used 35839K [0x00000000f5580000, 0x00000000f9200000, 0x0000000100000000)
  eden space 35840K, 99% used [0x00000000f5580000,0x00000000f787fff0,0x00000000f7880000)
  from space 12288K, 0% used [0x00000000f7880000,0x00000000f7880000,0x00000000f8480000)
  to   space 9216K, 0% used [0x00000000f8780000,0x00000000f8780000,0x00000000f9080000)
 ParOldGen       total 349696K, used 349695K [0x00000000e0000000, 0x00000000f5580000, 0x00000000f5580000)
  object space 349696K, 99% used [0x00000000e0000000,0x00000000f557ff70,0x00000000f5580000)
 Metaspace       used 57735K, committed 58880K, reserved 1105920K
  class space    used 5840K, committed 6272K, reserved 1048576K
}
Event: 1033.747 GC heap after
{Heap after GC invocations=672 (full 600):
 PSYoungGen      total 45056K, used 35839K [0x00000000f5580000, 0x00000000f9200000, 0x0000000100000000)
  eden space 35840K, 99% used [0x00000000f5580000,0x00000000f787ffa8,0x00000000f7880000)
  from space 9216K, 0% used [0x00000000f8780000,0x00000000f8780000,0x00000000f9080000)
  to   space 12288K, 0% used [0x00000000f7880000,0x00000000f7880000,0x00000000f8480000)
 ParOldGen       total 349696K, used 349695K [0x00000000e0000000, 0x00000000f5580000, 0x00000000f5580000)
  object space 349696K, 99% used [0x00000000e0000000,0x00000000f557ff40,0x00000000f5580000)
 Metaspace       used 57735K, committed 58880K, reserved 1105920K
  class space    used 5840K, committed 6272K, reserved 1048576K
}
Event: 1033.747 GC heap before
{Heap before GC invocations=673 (full 601):
 PSYoungGen      total 45056K, used 35839K [0x00000000f5580000, 0x00000000f9200000, 0x0000000100000000)
  eden space 35840K, 99% used [0x00000000f5580000,0x00000000f787ffa8,0x00000000f7880000)
  from space 9216K, 0% used [0x00000000f8780000,0x00000000f8780000,0x00000000f9080000)
  to   space 12288K, 0% used [0x00000000f7880000,0x00000000f7880000,0x00000000f8480000)
 ParOldGen       total 349696K, used 349695K [0x00000000e0000000, 0x00000000f5580000, 0x00000000f5580000)
  object space 349696K, 99% used [0x00000000e0000000,0x00000000f557ff40,0x00000000f5580000)
 Metaspace       used 57735K, committed 58880K, reserved 1105920K
  class space    used 5840K, committed 6272K, reserved 1048576K
}
Event: 1035.388 GC heap after
{Heap after GC invocations=673 (full 601):
 PSYoungGen      total 48128K, used 35839K [0x00000000f5580000, 0x00000000f9200000, 0x0000000100000000)
  eden space 35840K, 99% used [0x00000000f5580000,0x00000000f787ff48,0x00000000f7880000)
  from space 12288K, 0% used [0x00000000f7880000,0x00000000f7880000,0x00000000f8480000)
  to   space 9216K, 0% used [0x00000000f8780000,0x00000000f8780000,0x00000000f9080000)
 ParOldGen       total 349696K, used 349695K [0x00000000e0000000, 0x00000000f5580000, 0x00000000f5580000)
  object space 349696K, 99% used [0x00000000e0000000,0x00000000f557fd20,0x00000000f5580000)
 Metaspace       used 57735K, committed 58880K, reserved 1105920K
  class space    used 5840K, committed 6272K, reserved 1048576K
}
Event: 1035.388 GC heap before
{Heap before GC invocations=674 (full 602):
 PSYoungGen      total 48128K, used 35840K [0x00000000f5580000, 0x00000000f9200000, 0x0000000100000000)
  eden space 35840K, 100% used [0x00000000f5580000,0x00000000f7880000,0x00000000f7880000)
  from space 12288K, 0% used [0x00000000f7880000,0x00000000f7880000,0x00000000f8480000)
  to   space 9216K, 0% used [0x00000000f8780000,0x00000000f8780000,0x00000000f9080000)
 ParOldGen       total 349696K, used 349695K [0x00000000e0000000, 0x00000000f5580000, 0x00000000f5580000)
  object space 349696K, 99% used [0x00000000e0000000,0x00000000f557fed0,0x00000000f5580000)
 Metaspace       used 57735K, committed 58880K, reserved 1105920K
  class space    used 5840K, committed 6272K, reserved 1048576K
}
Event: 1037.057 GC heap after
{Heap after GC invocations=674 (full 602):
 PSYoungGen      total 45056K, used 35839K [0x00000000f5580000, 0x00000000f9200000, 0x0000000100000000)
  eden space 35840K, 99% used [0x00000000f5580000,0x00000000f787ff70,0x00000000f7880000)
  from space 9216K, 0% used [0x00000000f8780000,0x00000000f8780000,0x00000000f9080000)
  to   space 12288K, 0% used [0x00000000f7880000,0x00000000f7880000,0x00000000f8480000)
 ParOldGen       total 349696K, used 349695K [0x00000000e0000000, 0x00000000f5580000, 0x00000000f5580000)
  object space 349696K, 99% used [0x00000000e0000000,0x00000000f557fe90,0x00000000f5580000)
 Metaspace       used 57735K, committed 58880K, reserved 1105920K
  class space    used 5840K, committed 6272K, reserved 1048576K
}
Event: 1037.057 GC heap before
{Heap before GC invocations=675 (full 603):
 PSYoungGen      total 45056K, used 35839K [0x00000000f5580000, 0x00000000f9200000, 0x0000000100000000)
  eden space 35840K, 99% used [0x00000000f5580000,0x00000000f787ff70,0x00000000f7880000)
  from space 9216K, 0% used [0x00000000f8780000,0x00000000f8780000,0x00000000f9080000)
  to   space 12288K, 0% used [0x00000000f7880000,0x00000000f7880000,0x00000000f8480000)
 ParOldGen       total 349696K, used 349695K [0x00000000e0000000, 0x00000000f5580000, 0x00000000f5580000)
  object space 349696K, 99% used [0x00000000e0000000,0x00000000f557fe90,0x00000000f5580000)
 Metaspace       used 57735K, committed 58880K, reserved 1105920K
  class space    used 5840K, committed 6272K, reserved 1048576K
}
Event: 1038.711 GC heap after
{Heap after GC invocations=675 (full 603):
 PSYoungGen      total 48128K, used 35839K [0x00000000f5580000, 0x00000000f9200000, 0x0000000100000000)
  eden space 35840K, 99% used [0x00000000f5580000,0x00000000f787ff70,0x00000000f7880000)
  from space 12288K, 0% used [0x00000000f7880000,0x00000000f7880000,0x00000000f8480000)
  to   space 9216K, 0% used [0x00000000f8780000,0x00000000f8780000,0x00000000f9080000)
 ParOldGen       total 349696K, used 349695K [0x00000000e0000000, 0x00000000f5580000, 0x00000000f5580000)
  object space 349696K, 99% used [0x00000000e0000000,0x00000000f557fe90,0x00000000f5580000)
 Metaspace       used 57735K, committed 58880K, reserved 1105920K
  class space    used 5840K, committed 6272K, reserved 1048576K
}

Dll operation events (9 events):
Event: 0.002 Loaded shared library /nix/store/gpxl5qgg8kicmcvivwmybwjlpf7wh20l-graalvm17-ce-22.3.0/lib/libjava.so
Event: 0.009 Loaded shared library /nix/store/gpxl5qgg8kicmcvivwmybwjlpf7wh20l-graalvm17-ce-22.3.0/lib/libjsvml.so
Event: 0.283 Loaded shared library /nix/store/gpxl5qgg8kicmcvivwmybwjlpf7wh20l-graalvm17-ce-22.3.0/lib/libnio.so
Event: 0.290 Loaded shared library /nix/store/gpxl5qgg8kicmcvivwmybwjlpf7wh20l-graalvm17-ce-22.3.0/lib/libzip.so
Event: 0.293 Loaded shared library /nix/store/gpxl5qgg8kicmcvivwmybwjlpf7wh20l-graalvm17-ce-22.3.0/lib/libjvmcicompiler.so
Event: 0.783 Loaded shared library /nix/store/gpxl5qgg8kicmcvivwmybwjlpf7wh20l-graalvm17-ce-22.3.0/lib/libjimage.so
Event: 1.582 Loaded shared library /nix/store/gpxl5qgg8kicmcvivwmybwjlpf7wh20l-graalvm17-ce-22.3.0/lib/libnet.so
Event: 6.578 Loaded shared library /home/runner/.cache/jdt-language-server/config/org.eclipse.equinox.launcher/org.eclipse.equinox.launcher.gtk.linux.x86_64_1.2.400.v20211117-0650/eclipse_11600.so
Event: 19.778 Loaded shared library /nix/store/gpxl5qgg8kicmcvivwmybwjlpf7wh20l-graalvm17-ce-22.3.0/lib/libextnet.so

Deoptimization events (20 events):
Event: 77.772 Thread 0x00007fc0044ccdd0 DEOPT PACKING pc=0x00007fc0547d44dd sp=0x00007fc0507fe530
Event: 77.773 Thread 0x00007fc0044ccdd0 DEOPT UNPACKING pc=0x00007fc053505325 sp=0x00007fc0507fda20 mode 0
Event: 77.775 Thread 0x00007fc0044ccdd0 DEOPT PACKING pc=0x00007fc0547d44dd sp=0x00007fc0507fe530
Event: 77.775 Thread 0x00007fc0044ccdd0 DEOPT UNPACKING pc=0x00007fc053505325 sp=0x00007fc0507fda20 mode 0
Event: 77.777 Thread 0x00007fc0044ccdd0 DEOPT PACKING pc=0x00007fc0547d44dd sp=0x00007fc0507fe530
Event: 77.777 Thread 0x00007fc0044ccdd0 DEOPT UNPACKING pc=0x00007fc053505325 sp=0x00007fc0507fda20 mode 0
Event: 77.785 Thread 0x00007fc0044ccdd0 DEOPT PACKING pc=0x00007fc0547d44dd sp=0x00007fc0507fe530
Event: 77.785 Thread 0x00007fc0044ccdd0 DEOPT UNPACKING pc=0x00007fc053505325 sp=0x00007fc0507fda20 mode 0
Event: 77.791 Thread 0x00007fc0044ccdd0 DEOPT PACKING pc=0x00007fc0547d44dd sp=0x00007fc0507fe530
Event: 77.791 Thread 0x00007fc0044ccdd0 DEOPT UNPACKING pc=0x00007fc053505325 sp=0x00007fc0507fda20 mode 0
Event: 77.793 Thread 0x00007fc0044ccdd0 DEOPT PACKING pc=0x00007fc0547d44dd sp=0x00007fc0507fe530
Event: 77.793 Thread 0x00007fc0044ccdd0 DEOPT UNPACKING pc=0x00007fc053505325 sp=0x00007fc0507fda20 mode 0
Event: 77.795 Thread 0x00007fc0044ccdd0 DEOPT PACKING pc=0x00007fc0547d44dd sp=0x00007fc0507fe530
Event: 77.795 Thread 0x00007fc0044ccdd0 DEOPT UNPACKING pc=0x00007fc053505325 sp=0x00007fc0507fda20 mode 0
Event: 382.600 Thread 0x00007fc06c0b2240 DEOPT PACKING pc=0x00007fc053b14a58 sp=0x00007fc071017ef0
Event: 382.600 Thread 0x00007fc06c0b2240 DEOPT UNPACKING pc=0x00007fc053505325 sp=0x00007fc071017458 mode 0
Event: 479.298 Thread 0x00007fbfd44501d0 Uncommon trap: trap_request=0xffffffed fr.pc=0x00007fc05b090701 relative=0x0000000000000161
Event: 479.298 Thread 0x00007fbfd44501d0 Uncommon trap: reason=null_assert_or_unreached0 action=reinterpret pc=0x00007fc05b090701 method=java.util.concurrent.locks.AbstractQueuedSynchronizer.signalNext(Ljava/util/concurrent/locks/AbstractQueuedSynchronizer$Node;)V @ 17 jvmci
Event: 479.298 Thread 0x00007fbfd44501d0 DEOPT PACKING pc=0x00007fc05b090701 sp=0x00007fc01a9fe4e0
Event: 479.298 Thread 0x00007fbfd44501d0 DEOPT UNPACKING pc=0x00007fc053505325 sp=0x00007fc01a9fd8b0 mode 3

Classes unloaded (20 events):
Event: 90.925 Thread 0x00007fc06c0a1c30 Unloading class 0x0000000800ef8000 'jdk/internal/reflect/GeneratedConstructorAccessor8'
Event: 90.925 Thread 0x00007fc06c0a1c30 Unloading class 0x0000000800d99000 'java/lang/invoke/LambdaForm$MH+0x0000000800d99000'
Event: 90.926 Thread 0x00007fc06c0a1c30 Unloading class 0x0000000800d98c00 'java/lang/invoke/LambdaForm$MH+0x0000000800d98c00'
Event: 90.926 Thread 0x00007fc06c0a1c30 Unloading class 0x0000000800d98800 'java/lang/invoke/LambdaForm$MH+0x0000000800d98800'
Event: 90.926 Thread 0x00007fc06c0a1c30 Unloading class 0x0000000800d98400 'java/lang/invoke/LambdaForm$MH+0x0000000800d98400'
Event: 90.926 Thread 0x00007fc06c0a1c30 Unloading class 0x0000000800d98000 'jdk/internal/reflect/GeneratedConstructorAccessor3'
Event: 90.926 Thread 0x00007fc06c0a1c30 Unloading class 0x0000000800d06800 'java/lang/invoke/LambdaForm$MH+0x0000000800d06800'
Event: 90.926 Thread 0x00007fc06c0a1c30 Unloading class 0x0000000800d06000 'java/lang/invoke/LambdaForm$MH+0x0000000800d06000'
Event: 90.926 Thread 0x00007fc06c0a1c30 Unloading class 0x0000000800d05c00 'java/lang/invoke/LambdaForm$MH+0x0000000800d05c00'
Event: 90.926 Thread 0x00007fc06c0a1c30 Unloading class 0x0000000800d05800 'java/lang/invoke/LambdaForm$MH+0x0000000800d05800'
Event: 90.926 Thread 0x00007fc06c0a1c30 Unloading class 0x0000000800d05000 'java/lang/invoke/LambdaForm$MH+0x0000000800d05000'
Event: 90.926 Thread 0x00007fc06c0a1c30 Unloading class 0x0000000800d04c00 'java/lang/invoke/LambdaForm$MH+0x0000000800d04c00'
Event: 90.926 Thread 0x00007fc06c0a1c30 Unloading class 0x0000000800d04800 'java/lang/invoke/LambdaForm$MH+0x0000000800d04800'
Event: 90.926 Thread 0x00007fc06c0a1c30 Unloading class 0x0000000800d04000 'java/lang/invoke/LambdaForm$MH+0x0000000800d04000'
Event: 90.926 Thread 0x00007fc06c0a1c30 Unloading class 0x0000000800c1d000 'jdk/internal/reflect/GeneratedMethodAccessor5'
Event: 90.926 Thread 0x00007fc06c0a1c30 Unloading class 0x0000000800c1cc00 'jdk/internal/reflect/GeneratedMethodAccessor4'
Event: 90.926 Thread 0x00007fc06c0a1c30 Unloading class 0x0000000800c1c800 'jdk/internal/reflect/GeneratedMethodAccessor3'
Event: 90.926 Thread 0x00007fc06c0a1c30 Unloading class 0x0000000800c1c400 'jdk/internal/reflect/GeneratedMethodAccessor2'
Event: 90.926 Thread 0x00007fc06c0a1c30 Unloading class 0x0000000800c1c000 'jdk/internal/reflect/GeneratedMethodAccessor1'
Event: 90.926 Thread 0x00007fc06c0a1c30 Unloading class 0x0000000800c01c00 'java/lang/invoke/LambdaForm$DMH+0x0000000800c01c00'

Classes redefined (0 events):
No events

Internal exceptions (20 events):
Event: 45.669 Thread 0x00007fbfec0010d0 Exception <a 'java/lang/NoSuchMethodError'{0x00000000f69bc080}: static [Lorg/eclipse/core/runtime/IPath;.<clinit>()V> (0x00000000f69bc080) 
thrown [src/hotspot/share/prims/jni.cpp, line 1107]
Event: 45.785 Thread 0x00007fbfec0010d0 Exception <a 'java/lang/NoSuchMethodError'{0x00000000f58b7160}: static [J.<clinit>()V> (0x00000000f58b7160) 
thrown [src/hotspot/share/prims/jni.cpp, line 1107]
Event: 48.091 Thread 0x00007fc00434cca0 Exception <a 'java/lang/NoSuchMethodError'{0x00000000f742e0f8}: 'java.lang.Object java.lang.invoke.DirectMethodHandle$Holder.invokeStatic(java.lang.Object, java.lang.Object, java.lang.Object, long)'> (0x00000000f742e0f8) 
thrown [src/hotspot/share/interpreter/linkResolver.cpp, line 758]
Event: 48.092 Thread 0x00007fc00434cca0 Exception <a 'java/lang/NoSuchMethodError'{0x00000000f74357f0}: 'java.lang.Object java.lang.invoke.DirectMethodHandle$Holder.newInvokeSpecial(java.lang.Object, java.lang.Object, java.lang.Object, long)'> (0x00000000f74357f0) 
thrown [src/hotspot/share/interpreter/linkResolver.cpp, line 758]
Event: 48.093 Thread 0x00007fc00434cca0 Exception <a 'java/lang/NoSuchMethodError'{0x00000000f7445558}: 'java.lang.Object java.lang.invoke.DirectMethodHandle$Holder.invokeSpecial(java.lang.Object, java.lang.Object, java.lang.Object, java.lang.Object, long)'> (0x00000000f7445558) 
thrown [src/hotspot/share/interpreter/linkResolver.cpp, line 758]
Event: 48.093 Thread 0x00007fc00434cca0 Exception <a 'java/lang/NoSuchMethodError'{0x00000000f7448e80}: 'java.lang.Object java.lang.invoke.Invokers$Holder.linkToTargetMethod(java.lang.Object, java.lang.Object, long, java.lang.Object)'> (0x00000000f7448e80) 
thrown [src/hotspot/share/interpreter/linkResolver.cpp, line 758]
Event: 48.468 Thread 0x00007fc00434cca0 Exception <a 'java/io/FileNotFoundException'{0x00000000f6179ee0}> (0x00000000f6179ee0) 
thrown [src/hotspot/share/prims/jni.cpp, line 516]
Event: 48.473 Thread 0x00007fc00434cca0 Exception <a 'java/lang/NoSuchMethodError'{0x00000000f63c60a8}: 'java.lang.Object java.lang.invoke.DirectMethodHandle$Holder.newInvokeSpecial(java.lang.Object, java.lang.Object, int, java.lang.Object, java.lang.Object)'> (0x00000000f63c60a8) 
thrown [src/hotspot/share/interpreter/linkResolver.cpp, line 758]
Event: 48.473 Thread 0x00007fc00434cca0 Exception <a 'java/lang/NoSuchMethodError'{0x00000000f63ca4d8}: 'java.lang.Object java.lang.invoke.DirectMethodHandle$Holder.invokeSpecial(java.lang.Object, java.lang.Object, java.lang.Object, int, java.lang.Object, java.lang.Object)'> (0x00000000f63ca4d8) 
thrown [src/hotspot/share/interpreter/linkResolver.cpp, line 758]
Event: 48.578 Thread 0x00007fc00434cca0 Exception <a 'java/lang/NoSuchMethodError'{0x00000000f6ca1ee8}: 'java.lang.Object java.lang.invoke.DirectMethodHandle$Holder.newInvokeSpecial(java.lang.Object, java.lang.Object, java.lang.Object, int, java.lang.Object)'> (0x00000000f6ca1ee8) 
thrown [src/hotspot/share/interpreter/linkResolver.cpp, line 758]
Event: 48.583 Thread 0x00007fc00434cca0 Exception <a 'java/lang/NoSuchMethodError'{0x00000000f6d117a8}: 'java.lang.Object java.lang.invoke.DirectMethodHandle$Holder.invokeSpecial(java.lang.Object, java.lang.Object, java.lang.Object, java.lang.Object, int, java.lang.Object)'> (0x00000000f6d117a8) 
thrown [src/hotspot/share/interpreter/linkResolver.cpp, line 758]
Event: 48.584 Thread 0x00007fc00434cca0 Exception <a 'java/lang/NoSuchMethodError'{0x00000000f6d15290}: 'java.lang.Object java.lang.invoke.Invokers$Holder.linkToTargetMethod(java.lang.Object, java.lang.Object, int, java.lang.Object, java.lang.Object)'> (0x00000000f6d15290) 
thrown [src/hotspot/share/interpreter/linkResolver.cpp, line 758]
Event: 54.080 Thread 0x00007fc0044ccdd0 Implicit null exception at 0x00007fc05b17e0b5 to 0x00007fc05b17e5e1
Event: 65.516 Thread 0x00007fc06c3aa590 Exception <a 'java/lang/NoSuchMethodError'{0x00000000f55c2198}: 'java.lang.Object java.lang.invoke.DirectMethodHandle$Holder.invokeInterface(java.lang.Object, java.lang.Object, java.lang.Object)'> (0x00000000f55c2198) 
thrown [src/hotspot/share/interpreter/linkResolver.cpp, line 758]
Event: 69.500 Thread 0x00007fbff40f7dc0 Implicit null exception at 0x00007fc05b0d0b69 to 0x00007fc05b0d0d1b
Event: 74.514 Thread 0x00007fbff40f7dc0 Exception <a 'java/lang/NoSuchMethodError'{0x00000000f6b6e3f8}: 'java.lang.Object java.lang.invoke.DirectMethodHandle$Holder.invokeStatic(java.lang.Object, int, java.lang.Object, java.lang.Object, java.lang.Object, java.lang.Object)'> (0x00000000f6b6e3f8) 
thrown [src/hotspot/share/interpreter/linkResolver.cpp, line 758]
Event: 74.516 Thread 0x00007fbff40f7dc0 Exception <a 'java/lang/NoSuchMethodError'{0x00000000f7070e38}: 'java.lang.Object java.lang.invoke.DirectMethodHandle$Holder.newInvokeSpecial(java.lang.Object, int, java.lang.Object, java.lang.Object, java.lang.Object)'> (0x00000000f7070e38) 
thrown [src/hotspot/share/interpreter/linkResolver.cpp, line 758]
Event: 74.931 Thread 0x00007fbff40f7dc0 Exception <a 'java/lang/NoSuchMethodError'{0x00000000f73ef740}: 'void java.lang.invoke.DirectMethodHandle$Holder.invokeSpecial(java.lang.Object, java.lang.Object, int)'> (0x00000000f73ef740) 
thrown [src/hotspot/share/interpreter/linkResolver.cpp, line 758]
Event: 77.202 Thread 0x00007fbff40f7dc0 Exception <a 'java/lang/NoSuchMethodError'{0x00000000f6701878}: 'int java.lang.invoke.DirectMethodHandle$Holder.invokeSpecialIFC(java.lang.Object, java.lang.Object, java.lang.Object, java.lang.Object)'> (0x00000000f6701878) 
thrown [src/hotspot/share/interpreter/linkResolver.cpp, line 758]
Event: 1038.712 Thread 0x00007fc06c0b2240 Exception <a 'java/lang/OutOfMemoryError'{0x00000000e00104e0}> (0x00000000e00104e0) 
thrown [src/hotspot/share/gc/shared/memAllocator.cpp, line 136]

VM Operations (20 events):
Event: 1019.580 Executing VM operation: ParallelGCFailedAllocation
Event: 1021.184 Executing VM operation: ParallelGCFailedAllocation done
Event: 1021.184 Executing VM operation: ParallelGCFailedAllocation
Event: 1022.737 Executing VM operation: ParallelGCFailedAllocation done
Event: 1022.737 Executing VM operation: ParallelGCFailedAllocation
Event: 1024.222 Executing VM operation: ParallelGCFailedAllocation done
Event: 1024.222 Executing VM operation: ParallelGCFailedAllocation
Event: 1025.706 Executing VM operation: ParallelGCFailedAllocation done
Event: 1025.706 Executing VM operation: ParallelGCFailedAllocation
Event: 1027.210 Executing VM operation: ParallelGCFailedAllocation done
Event: 1027.210 Executing VM operation: ParallelGCFailedAllocation
Event: 1028.818 Executing VM operation: ParallelGCFailedAllocation done
Event: 1028.819 Executing VM operation: ParallelGCFailedAllocation
Event: 1030.370 Executing VM operation: ParallelGCFailedAllocation done
Event: 1030.370 Executing VM operation: ParallelGCFailedAllocation
Event: 1032.118 Executing VM operation: ParallelGCFailedAllocation done
Event: 1032.122 Executing VM operation: ParallelGCFailedAllocation
Event: 1035.388 Executing VM operation: ParallelGCFailedAllocation done
Event: 1035.388 Executing VM operation: ParallelGCFailedAllocation
Event: 1038.711 Executing VM operation: ParallelGCFailedAllocation done

Events (20 events):
Event: 72.176 loading class java/util/Collections$SynchronizedList done
Event: 72.176 loading class java/util/Collections$SynchronizedRandomAccessList done
Event: 76.999 loading class java/util/AbstractList$SubList
Event: 76.999 loading class java/util/AbstractList$SubList done
Event: 77.286 Thread 0x00007fbff40f7dc0 Thread exited: 0x00007fbff40f7dc0
Event: 99.134 Thread 0x00007fbff40f8040 Thread added: 0x00007fbff40f8040
Event: 99.134 Protecting memory [0x00007fc01a200000,0x00007fc01a204000] with protection modes 0
Event: 101.155 Thread 0x00007fbfcc004cc0 Thread exited: 0x00007fbfcc004cc0
Event: 159.228 Thread 0x00007fc00434cca0 Thread exited: 0x00007fc00434cca0
Event: 159.229 Thread 0x00007fbfdc001130 Thread exited: 0x00007fbfdc001130
Event: 159.229 Thread 0x00007fbfec0010d0 Thread exited: 0x00007fbfec0010d0
Event: 394.385 loading class java/io/InterruptedIOException
Event: 394.385 loading class java/io/InterruptedIOException done
Event: 394.385 loading class javax/net/ssl/SSLException
Event: 427.706 loading class javax/net/ssl/SSLException done
Event: 459.602 loading class java/lang/AssertionError
Event: 464.410 Thread 0x00007fbfd4450750 Thread exited: 0x00007fbfd4450750
Event: 473.411 loading class java/lang/AssertionError done
Event: 485.329 Thread 0x00007fbfcc003a70 Thread exited: 0x00007fbfcc003a70
Event: 485.329 Thread 0x00007fbfd44501d0 Thread exited: 0x00007fbfd44501d0


Dynamic libraries:
e0000000-f5580000 rw-p 00000000 00:00 0 
f5580000-f9200000 rw-p 00000000 00:00 0 
f9200000-100000000 ---p 00000000 00:00 0 
800000000-800449000 rw-p 00001000 00:efc 4611686019135357769             /nix/store/gpxl5qgg8kicmcvivwmybwjlpf7wh20l-graalvm17-ce-22.3.0/lib/server/classes.jsa
800449000-800bc8000 r--p 0044a000 00:efc 4611686019135357769             /nix/store/gpxl5qgg8kicmcvivwmybwjlpf7wh20l-graalvm17-ce-22.3.0/lib/server/classes.jsa
800bc8000-800c00000 ---p 00000000 00:00 0 
800c00000-800c20000 rw-p 00000000 00:00 0 
800c20000-800c40000 rw-p 00000000 00:00 0 
800c40000-800cc0000 rw-p 00000000 00:00 0 
800cc0000-800d00000 rw-p 00000000 00:00 0 
800d00000-800dc0000 rw-p 00000000 00:00 0 
800dc0000-800e00000 rw-p 00000000 00:00 0 
800e00000-800f40000 rw-p 00000000 00:00 0 
800f40000-800fc0000 rw-p 00000000 00:00 0 
800fc0000-801220000 rw-p 00000000 00:00 0 
801220000-840c00000 ---p 00000000 00:00 0 
555b400bc000-555b400bd000 r-xp 00000000 00:efc 4611686019099417844       /nix/store/gpxl5qgg8kicmcvivwmybwjlpf7wh20l-graalvm17-ce-22.3.0/bin/.java-wrapped
555b400be000-555b400bf000 r--p 00001000 00:efc 4611686019099417844       /nix/store/gpxl5qgg8kicmcvivwmybwjlpf7wh20l-graalvm17-ce-22.3.0/bin/.java-wrapped
555b400bf000-555b400c0000 rw-p 00002000 00:efc 4611686019099417844       /nix/store/gpxl5qgg8kicmcvivwmybwjlpf7wh20l-graalvm17-ce-22.3.0/bin/.java-wrapped
555b400c0000-555b400c1000 rw-p 00004000 00:efc 4611686019099417844       /nix/store/gpxl5qgg8kicmcvivwmybwjlpf7wh20l-graalvm17-ce-22.3.0/bin/.java-wrapped
555b400c1000-555b400c2000 rw-p 00005000 00:efc 4611686019099417844       /nix/store/gpxl5qgg8kicmcvivwmybwjlpf7wh20l-graalvm17-ce-22.3.0/bin/.java-wrapped
555b40831000-555b40879000 rw-p 00000000 00:00 0                          [heap]
7fbfaac00000-7fbfaaf00000 rw-p 00000000 00:00 0 
7fbfaaf00000-7fbfaaf20000 rw-p 00000000 00:00 0 
7fbfaaf20000-7fbfab000000 ---p 00000000 00:00 0 
7fbfab000000-7fbfab040000 rw-p 00000000 00:00 0 
7fbfab040000-7fbfab400000 ---p 00000000 00:00 0 
7fbfac000000-7fbfac021000 rw-p 00000000 00:00 0 
7fbfac021000-7fbfb0000000 ---p 00000000 00:00 0 
7fbfb0000000-7fbfb0021000 rw-p 00000000 00:00 0 
7fbfb0021000-7fbfb4000000 ---p 00000000 00:00 0 
7fbfb4000000-7fbfb4021000 rw-p 00000000 00:00 0 
7fbfb4021000-7fbfb8000000 ---p 00000000 00:00 0 
7fbfb8000000-7fbfb8021000 rw-p 00000000 00:00 0 
7fbfb8021000-7fbfbc000000 ---p 00000000 00:00 0 
7fbfbc000000-7fbfbc021000 rw-p 00000000 00:00 0 
7fbfbc021000-7fbfc0000000 ---p 00000000 00:00 0 
7fbfc1c00000-7fbfc1d80000 rw-p 00000000 00:00 0 
7fbfc1d80000-7fbfc1e00000 rw-p 00000000 00:00 0 
7fbfc1e00000-7fbfc2400000 rw-p 00000000 00:00 0 
7fbfc24b3000-7fbfcc000000 r--s 00000000 00:efc 4611686019135192581       /nix/store/gpxl5qgg8kicmcvivwmybwjlpf7wh20l-graalvm17-ce-22.3.0/lib/modules
7fbfcc000000-7fbfcc021000 rw-p 00000000 00:00 0 
7fbfcc021000-7fbfd0000000 ---p 00000000 00:00 0 
7fbfd0000000-7fbfd0032000 rw-p 00000000 00:00 0 
7fbfd0032000-7fbfd4000000 ---p 00000000 00:00 0 
7fbfd4000000-7fbfd4523000 rw-p 00000000 00:00 0 
7fbfd4523000-7fbfd8000000 ---p 00000000 00:00 0 
7fbfd8000000-7fbfd8056000 rw-p 00000000 00:00 0 
7fbfd8056000-7fbfdc000000 ---p 00000000 00:00 0 
7fbfdc000000-7fbfdc10b000 rw-p 00000000 00:00 0 
7fbfdc10b000-7fbfe0000000 ---p 00000000 00:00 0 
7fbfe0000000-7fbfe0021000 rw-p 00000000 00:00 0 
7fbfe0021000-7fbfe4000000 ---p 00000000 00:00 0 
7fbfe4000000-7fbfe405c000 rw-p 00000000 00:00 0 
7fbfe405c000-7fbfe8000000 ---p 00000000 00:00 0 
7fbfe8000000-7fbfe8021000 rw-p 00000000 00:00 0 
7fbfe8021000-7fbfec000000 ---p 00000000 00:00 0 
7fbfec000000-7fbfec060000 rw-p 00000000 00:00 0 
7fbfec060000-7fbff0000000 ---p 00000000 00:00 0 
7fbff0000000-7fbff03ee000 rw-p 00000000 00:00 0 
7fbff03ee000-7fbff4000000 ---p 00000000 00:00 0 
7fbff4000000-7fbff411b000 rw-p 00000000 00:00 0 
7fbff411b000-7fbff8000000 ---p 00000000 00:00 0 
7fbff8000000-7fbff8021000 rw-p 00000000 00:00 0 
7fbff8021000-7fbffc000000 ---p 00000000 00:00 0 
7fbffc000000-7fbffc021000 rw-p 00000000 00:00 0 
7fbffc021000-7fc000000000 ---p 00000000 00:00 0 
7fc001c00000-7fc0023c0000 rw-p 00000000 00:00 0 
7fc0023c0000-7fc002400000 rw-p 00000000 00:00 0 
7fc002400000-7fc0024e0000 rw-p 00000000 00:00 0 
7fc0024e0000-7fc002500000 rw-p 00000000 00:00 0 
7fc002500000-7fc002700000 rw-p 00000000 00:00 0 
7fc002700000-7fc002900000 rw-p 00000000 00:00 0 
7fc002900000-7fc002a00000 rw-p 00000000 00:00 0 
7fc002a00000-7fc002b00000 rw-p 00000000 00:00 0 
7fc002b00000-7fc002c00000 rw-p 00000000 00:00 0 
7fc002c00000-7fc002d00000 rw-p 00000000 00:00 0 
7fc002d00000-7fc002e00000 rw-p 00000000 00:00 0 
7fc002e00000-7fc003400000 rw-p 00000000 00:00 0 
7fc003400000-7fc003500000 rw-p 00000000 00:00 0 
7fc003500000-7fc003600000 rw-p 00000000 00:00 0 
7fc003600000-7fc003900000 rw-p 00000000 00:00 0 
7fc003900000-7fc003a00000 rw-p 00000000 00:00 0 
7fc003a00000-7fc003c00000 rw-p 00000000 00:00 0 
7fc003c00000-7fc003c10000 r-xp 00000000 00:ef3 353                       /home/runner/.cache/jdt-language-server/config/org.eclipse.equinox.launcher/org.eclipse.equinox.launcher.gtk.linux.x86_64_1.2.400.v20211117-0650/eclipse_11600.so
7fc003c10000-7fc003e0f000 ---p 00010000 00:ef3 353                       /home/runner/.cache/jdt-language-server/config/org.eclipse.equinox.launcher/org.eclipse.equinox.launcher.gtk.linux.x86_64_1.2.400.v20211117-0650/eclipse_11600.so
7fc003e0f000-7fc003e10000 r--p 0000f000 00:ef3 353                       /home/runner/.cache/jdt-language-server/config/org.eclipse.equinox.launcher/org.eclipse.equinox.launcher.gtk.linux.x86_64_1.2.400.v20211117-0650/eclipse_11600.so
7fc003e10000-7fc003e11000 rw-p 00010000 00:ef3 353                       /home/runner/.cache/jdt-language-server/config/org.eclipse.equinox.launcher/org.eclipse.equinox.launcher.gtk.linux.x86_64_1.2.400.v20211117-0650/eclipse_11600.so
7fc004000000-7fc004903000 rw-p 00000000 00:00 0 
7fc004903000-7fc008000000 ---p 00000000 00:00 0 
7fc008000000-7fc008025000 rw-p 00000000 00:00 0 
7fc008025000-7fc00c000000 ---p 00000000 00:00 0 
7fc00c000000-7fc00c021000 rw-p 00000000 00:00 0 
7fc00c021000-7fc010000000 ---p 00000000 00:00 0 
7fc010000000-7fc010021000 rw-p 00000000 00:00 0 
7fc010021000-7fc014000000 ---p 00000000 00:00 0 
7fc014000000-7fc0141f6000 rw-p 00000000 00:00 0 
7fc0141f6000-7fc018000000 ---p 00000000 00:00 0 
7fc019000000-7fc019100000 ---p 00000000 00:00 0 
7fc019100000-7fc0196af000 r--p 01122000 00:efc 4611686019135190040       /nix/store/gpxl5qgg8kicmcvivwmybwjlpf7wh20l-graalvm17-ce-22.3.0/lib/libjvmcicompiler.so
7fc0196af000-7fc019800000 r--p 00000000 00:00 0 
7fc019800000-7fc01983d000 rw-p 00000000 00:00 0 
7fc01983d000-7fc019d5d000 rw-p 0185f000 00:efc 4611686019135190040       /nix/store/gpxl5qgg8kicmcvivwmybwjlpf7wh20l-graalvm17-ce-22.3.0/lib/libjvmcicompiler.so
7fc019d5d000-7fc01a144000 r--p 01d7f000 00:efc 4611686019135190040       /nix/store/gpxl5qgg8kicmcvivwmybwjlpf7wh20l-graalvm17-ce-22.3.0/lib/libjvmcicompiler.so
7fc01a200000-7fc01a204000 ---p 00000000 00:00 0 
7fc01a204000-7fc01a300000 rw-p 00000000 00:00 0 
7fc01a300000-7fc01a304000 ---p 00000000 00:00 0 
7fc01a304000-7fc01a400000 rw-p 00000000 00:00 0 
7fc01a500000-7fc01a504000 ---p 00000000 00:00 0 
7fc01a504000-7fc01a600000 rw-p 00000000 00:00 0 
7fc01a700000-7fc01a704000 ---p 00000000 00:00 0 
7fc01a704000-7fc01a800000 rw-p 00000000 00:00 0 
7fc01a900000-7fc01a904000 ---p 00000000 00:00 0 
7fc01a904000-7fc01aa00000 rw-p 00000000 00:00 0 
7fc01ab00000-7fc01ab04000 ---p 00000000 00:00 0 
7fc01ab04000-7fc01ac00000 rw-p 00000000 00:00 0 
7fc01ad00000-7fc01ad04000 ---p 00000000 00:00 0 
7fc01ad04000-7fc01ae00000 rw-p 00000000 00:00 0 
7fc01ba68000-7fc01bf00000 rw-p 00000000 00:00 0 
7fc01c000000-7fc01c021000 rw-p 00000000 00:00 0 
7fc01c021000-7fc020000000 ---p 00000000 00:00 0 
7fc020000000-7fc020021000 rw-p 00000000 00:00 0 
7fc020021000-7fc024000000 ---p 00000000 00:00 0 
7fc024000000-7fc024059000 rw-p 00000000 00:00 0 
7fc024059000-7fc028000000 ---p 00000000 00:00 0 
7fc028000000-7fc028021000 rw-p 00000000 00:00 0 
7fc028021000-7fc02c000000 ---p 00000000 00:00 0 
7fc02c000000-7fc02c0de000 rw-p 00000000 00:00 0 
7fc02c0de000-7fc030000000 ---p 00000000 00:00 0 
7fc030000000-7fc0307fd000 rw-p 00000000 00:00 0 
7fc0307fd000-7fc034000000 ---p 00000000 00:00 0 
7fc034000000-7fc034021000 rw-p 00000000 00:00 0 
7fc034021000-7fc038000000 ---p 00000000 00:00 0 
7fc038000000-7fc038021000 rw-p 00000000 00:00 0 
7fc038021000-7fc03c000000 ---p 00000000 00:00 0 
7fc03c000000-7fc03c021000 rw-p 00000000 00:00 0 
7fc03c021000-7fc040000000 ---p 00000000 00:00 0 
7fc040000000-7fc040021000 rw-p 00000000 00:00 0 
7fc040021000-7fc044000000 ---p 00000000 00:00 0 
7fc044000000-7fc044021000 rw-p 00000000 00:00 0 
7fc044021000-7fc048000000 ---p 00000000 00:00 0 
7fc048000000-7fc048021000 rw-p 00000000 00:00 0 
7fc048021000-7fc04c000000 ---p 00000000 00:00 0 
7fc04c000000-7fc04c1e8000 rw-p 00000000 00:00 0 
7fc04c1e8000-7fc050000000 ---p 00000000 00:00 0 
7fc050100000-7fc050104000 ---p 00000000 00:00 0 
7fc050104000-7fc050200000 rw-p 00000000 00:00 0 
7fc050300000-7fc050304000 ---p 00000000 00:00 0 
7fc050304000-7fc050400000 rw-p 00000000 00:00 0 
7fc050500000-7fc050504000 ---p 00000000 00:00 0 
7fc050504000-7fc050600000 rw-p 00000000 00:00 0 
7fc050600000-7fc050604000 ---p 00000000 00:00 0 
7fc050604000-7fc050700000 rw-p 00000000 00:00 0 
7fc050700000-7fc050704000 ---p 00000000 00:00 0 
7fc050704000-7fc050800000 rw-p 00000000 00:00 0 
7fc050900000-7fc050904000 ---p 00000000 00:00 0 
7fc050904000-7fc050a00000 rw-p 00000000 00:00 0 
7fc050a00000-7fc050a04000 ---p 00000000 00:00 0 
7fc050a04000-7fc050b00000 rw-p 00000000 00:00 0 
7fc050b00000-7fc050b04000 ---p 00000000 00:00 0 
7fc050b04000-7fc050c00000 rw-p 00000000 00:00 0 
7fc050d00000-7fc050d04000 ---p 00000000 00:00 0 
7fc050d04000-7fc050e00000 rw-p 00000000 00:00 0 
7fc050f00000-7fc050f04000 ---p 00000000 00:00 0 
7fc050f04000-7fc051000000 rw-p 00000000 00:00 0 
7fc051000000-7fc05316a000 r-xp 00000000 00:efc 4611686019135190040       /nix/store/gpxl5qgg8kicmcvivwmybwjlpf7wh20l-graalvm17-ce-22.3.0/lib/libjvmcicompiler.so
7fc05316a000-7fc053369000 ---p 0216a000 00:efc 4611686019135190040       /nix/store/gpxl5qgg8kicmcvivwmybwjlpf7wh20l-graalvm17-ce-22.3.0/lib/libjvmcicompiler.so
7fc053369000-7fc05336a000 r--p 02169000 00:efc 4611686019135190040       /nix/store/gpxl5qgg8kicmcvivwmybwjlpf7wh20l-graalvm17-ce-22.3.0/lib/libjvmcicompiler.so
7fc05336a000-7fc05336c000 rw-p 0216a000 00:efc 4611686019135190040       /nix/store/gpxl5qgg8kicmcvivwmybwjlpf7wh20l-graalvm17-ce-22.3.0/lib/libjvmcicompiler.so
7fc05336c000-7fc05336d000 rw-p 00000000 00:00 0 
7fc05336d000-7fc053372000 rw-p 023c3000 00:efc 4611686019135190040       /nix/store/gpxl5qgg8kicmcvivwmybwjlpf7wh20l-graalvm17-ce-22.3.0/lib/libjvmcicompiler.so
7fc0533b3000-7fc0533b7000 ---p 00000000 00:00 0 
7fc0533b7000-7fc0534b3000 rw-p 00000000 00:00 0 
7fc0534b3000-7fc053723000 rwxp 00000000 00:00 0 
7fc053723000-7fc053a42000 ---p 00000000 00:00 0 
7fc053a42000-7fc054872000 rwxp 00000000 00:00 0 
7fc054872000-7fc05af7a000 ---p 00000000 00:00 0 
7fc05af7a000-7fc05b22a000 rwxp 00000000 00:00 0 
7fc05b22a000-7fc0624b3000 ---p 00000000 00:00 0 
7fc0624b3000-7fc06c000000 r--s 00000000 00:efc 4611686019135192581       /nix/store/gpxl5qgg8kicmcvivwmybwjlpf7wh20l-graalvm17-ce-22.3.0/lib/modules
7fc06c000000-7fc06c60a000 rw-p 00000000 00:00 0 
7fc06c60a000-7fc070000000 ---p 00000000 00:00 0 
7fc070000000-7fc070004000 ---p 00000000 00:00 0 
7fc070004000-7fc070100000 rw-p 00000000 00:00 0 
7fc070200000-7fc070204000 ---p 00000000 00:00 0 
7fc070204000-7fc070300000 rw-p 00000000 00:00 0 
7fc070400000-7fc070404000 ---p 00000000 00:00 0 
7fc070404000-7fc070500000 rw-p 00000000 00:00 0 
7fc070600000-7fc070604000 ---p 00000000 00:00 0 
7fc070604000-7fc070700000 rw-p 00000000 00:00 0 
7fc070818000-7fc070819000 ---p 00000000 00:00 0 
7fc070819000-7fc07091a000 rw-p 00000000 00:00 0 
7fc07091a000-7fc07091e000 ---p 00000000 00:00 0 
7fc07091e000-7fc070a1a000 rw-p 00000000 00:00 0 
7fc070a1a000-7fc070a1e000 ---p 00000000 00:00 0 
7fc070a1e000-7fc070b1a000 rw-p 00000000 00:00 0 
7fc070b1a000-7fc070b1e000 ---p 00000000 00:00 0 
7fc070b1e000-7fc070c1a000 rw-p 00000000 00:00 0 
7fc070c1a000-7fc070c1e000 ---p 00000000 00:00 0 
7fc070c1e000-7fc070e1a000 rw-p 00000000 00:00 0 
7fc070e1a000-7fc070e1e000 ---p 00000000 00:00 0 
7fc070e1e000-7fc07101a000 rw-p 00000000 00:00 0 
7fc07101a000-7fc07101e000 ---p 00000000 00:00 0 
7fc07101e000-7fc07111a000 rw-p 00000000 00:00 0 
7fc07111a000-7fc07111e000 ---p 00000000 00:00 0 
7fc07111e000-7fc07121a000 rw-p 00000000 00:00 0 
7fc07121a000-7fc07121e000 ---p 00000000 00:00 0 
7fc07121e000-7fc07131a000 rw-p 00000000 00:00 0 
7fc07131a000-7fc071600000 r--p 00000000 00:ea1 28444448                  /usr/lib/locale/locale-archive
7fc071600000-7fc071604000 ---p 00000000 00:00 0 
7fc071604000-7fc071700000 rw-p 00000000 00:00 0 
7fc071700000-7fc071704000 ---p 00000000 00:00 0 
7fc071704000-7fc071c00000 rw-p 00000000 00:00 0 
7fc071c00000-7fc071f00000 rw-p 00000000 00:00 0 
7fc071f00000-7fc072000000 rw-p 00000000 00:00 0 
7fc072038000-7fc07203a000 r-xp 00000000 00:efc 4611686019135190017       /nix/store/gpxl5qgg8kicmcvivwmybwjlpf7wh20l-graalvm17-ce-22.3.0/lib/libextnet.so
7fc07203a000-7fc07203b000 r--p 00001000 00:efc 4611686019135190017       /nix/store/gpxl5qgg8kicmcvivwmybwjlpf7wh20l-graalvm17-ce-22.3.0/lib/libextnet.so
7fc07203b000-7fc07203c000 rw-p 00002000 00:efc 4611686019135190017       /nix/store/gpxl5qgg8kicmcvivwmybwjlpf7wh20l-graalvm17-ce-22.3.0/lib/libextnet.so
7fc07203c000-7fc07203d000 rw-p 00004000 00:efc 4611686019135190017       /nix/store/gpxl5qgg8kicmcvivwmybwjlpf7wh20l-graalvm17-ce-22.3.0/lib/libextnet.so
7fc07203d000-7fc072041000 ---p 00000000 00:00 0 
7fc072041000-7fc07205f000 rw-p 00000000 00:00 0 
7fc07205f000-7fc072066000 r-xp 00000000 00:efc 4611686019135192580       /nix/store/gpxl5qgg8kicmcvivwmybwjlpf7wh20l-graalvm17-ce-22.3.0/lib/libzip.so
7fc072066000-7fc072067000 ---p 00007000 00:efc 4611686019135192580       /nix/store/gpxl5qgg8kicmcvivwmybwjlpf7wh20l-graalvm17-ce-22.3.0/lib/libzip.so
7fc072067000-7fc072068000 r--p 00007000 00:efc 4611686019135192580       /nix/store/gpxl5qgg8kicmcvivwmybwjlpf7wh20l-graalvm17-ce-22.3.0/lib/libzip.so
7fc072068000-7fc072069000 rw-p 00008000 00:efc 4611686019135192580       /nix/store/gpxl5qgg8kicmcvivwmybwjlpf7wh20l-graalvm17-ce-22.3.0/lib/libzip.so
7fc072069000-7fc07206b000 rw-p 0000b000 00:efc 4611686019135192580       /nix/store/gpxl5qgg8kicmcvivwmybwjlpf7wh20l-graalvm17-ce-22.3.0/lib/libzip.so
7fc07206b000-7fc072080000 r-xp 00000000 00:efc 4611686019135192570       /nix/store/gpxl5qgg8kicmcvivwmybwjlpf7wh20l-graalvm17-ce-22.3.0/lib/libnet.so
7fc072080000-7fc072081000 ---p 00015000 00:efc 4611686019135192570       /nix/store/gpxl5qgg8kicmcvivwmybwjlpf7wh20l-graalvm17-ce-22.3.0/lib/libnet.so
7fc072081000-7fc072082000 r--p 00015000 00:efc 4611686019135192570       /nix/store/gpxl5qgg8kicmcvivwmybwjlpf7wh20l-graalvm17-ce-22.3.0/lib/libnet.so
7fc072082000-7fc072083000 rw-p 00016000 00:efc 4611686019135192570       /nix/store/gpxl5qgg8kicmcvivwmybwjlpf7wh20l-graalvm17-ce-22.3.0/lib/libnet.so
7fc072083000-7fc072086000 rw-p 0001b000 00:efc 4611686019135192570       /nix/store/gpxl5qgg8kicmcvivwmybwjlpf7wh20l-graalvm17-ce-22.3.0/lib/libnet.so
7fc072086000-7fc072099000 r-xp 00000000 00:efc 4611686019135192571       /nix/store/gpxl5qgg8kicmcvivwmybwjlpf7wh20l-graalvm17-ce-22.3.0/lib/libnio.so
7fc072099000-7fc07209a000 r--p 00012000 00:efc 4611686019135192571       /nix/store/gpxl5qgg8kicmcvivwmybwjlpf7wh20l-graalvm17-ce-22.3.0/lib/libnio.so
7fc07209a000-7fc07209b000 rw-p 00013000 00:efc 4611686019135192571       /nix/store/gpxl5qgg8kicmcvivwmybwjlpf7wh20l-graalvm17-ce-22.3.0/lib/libnio.so
7fc07209b000-7fc0720a0000 rw-p 00019000 00:efc 4611686019135192571       /nix/store/gpxl5qgg8kicmcvivwmybwjlpf7wh20l-graalvm17-ce-22.3.0/lib/libnio.so
7fc0720a0000-7fc0720a1000 ---p 00000000 00:00 0 
7fc0720a1000-7fc0721a2000 rw-p 00000000 00:00 0 
7fc0721a2000-7fc072270000 r-xp 00000000 00:efc 4611686019135190036       /nix/store/gpxl5qgg8kicmcvivwmybwjlpf7wh20l-graalvm17-ce-22.3.0/lib/libjsvml.so
7fc072270000-7fc072271000 r--p 000cd000 00:efc 4611686019135190036       /nix/store/gpxl5qgg8kicmcvivwmybwjlpf7wh20l-graalvm17-ce-22.3.0/lib/libjsvml.so
7fc072271000-7fc072272000 rw-p 000ce000 00:efc 4611686019135190036       /nix/store/gpxl5qgg8kicmcvivwmybwjlpf7wh20l-graalvm17-ce-22.3.0/lib/libjsvml.so
7fc072272000-7fc073b4a000 rw-p 00000000 00:00 0 
7fc073b4a000-7fc073b4b000 ---p 00000000 00:00 0 
7fc073b4b000-7fc073cf6000 rw-p 00000000 00:00 0 
7fc073cf6000-7fc073d15000 rw-p 00000000 00:00 0 
7fc073d15000-7fc073d4c000 ---p 00000000 00:00 0 
7fc073d4c000-7fc073d53000 rw-p 00000000 00:00 0 
7fc073d53000-7fc073e38000 ---p 00000000 00:00 0 
7fc073e38000-7fc073e55000 rw-p 00000000 00:00 0 
7fc073e55000-7fc073f23000 ---p 00000000 00:00 0 
7fc073f23000-7fc073f28000 rw-p 00000000 00:00 0 
7fc073f28000-7fc073f2f000 ---p 00000000 00:00 0 
7fc073f2f000-7fc073f53000 r-xp 00000000 00:efc 4611686019135190028       /nix/store/gpxl5qgg8kicmcvivwmybwjlpf7wh20l-graalvm17-ce-22.3.0/lib/libjava.so
7fc073f53000-7fc073f54000 ---p 00024000 00:efc 4611686019135190028       /nix/store/gpxl5qgg8kicmcvivwmybwjlpf7wh20l-graalvm17-ce-22.3.0/lib/libjava.so
7fc073f54000-7fc073f55000 r--p 00024000 00:efc 4611686019135190028       /nix/store/gpxl5qgg8kicmcvivwmybwjlpf7wh20l-graalvm17-ce-22.3.0/lib/libjava.so
7fc073f55000-7fc073f56000 rw-p 00025000 00:efc 4611686019135190028       /nix/store/gpxl5qgg8kicmcvivwmybwjlpf7wh20l-graalvm17-ce-22.3.0/lib/libjava.so
7fc073f56000-7fc073f57000 rw-p 00000000 00:00 0 
7fc073f57000-7fc073f5e000 rw-p 0002f000 00:efc 4611686019135190028       /nix/store/gpxl5qgg8kicmcvivwmybwjlpf7wh20l-graalvm17-ce-22.3.0/lib/libjava.so
7fc073f5e000-7fc073f66000 rw-s 00000000 00:31c 350                       /tmp/hsperfdata_runner/30
7fc073f66000-7fc073f67000 ---p 00000000 00:00 0 
7fc073f67000-7fc073f68000 r--p 00000000 00:00 0 
7fc073f68000-7fc073f69000 rwxp 00000000 00:00 0 
7fc073f69000-7fc073f84000 r-xp 00000000 00:efc 4611686019135190032       /nix/store/gpxl5qgg8kicmcvivwmybwjlpf7wh20l-graalvm17-ce-22.3.0/lib/libjimage.so
7fc073f84000-7fc073f85000 ---p 0001b000 00:efc 4611686019135190032       /nix/store/gpxl5qgg8kicmcvivwmybwjlpf7wh20l-graalvm17-ce-22.3.0/lib/libjimage.so
7fc073f85000-7fc073f87000 r--p 0001b000 00:efc 4611686019135190032       /nix/store/gpxl5qgg8kicmcvivwmybwjlpf7wh20l-graalvm17-ce-22.3.0/lib/libjimage.so
7fc073f87000-7fc073f88000 rw-p 0001d000 00:efc 4611686019135190032       /nix/store/gpxl5qgg8kicmcvivwmybwjlpf7wh20l-graalvm17-ce-22.3.0/lib/libjimage.so
7fc073f88000-7fc073f89000 rw-p 00024000 00:efc 4611686019135190032       /nix/store/gpxl5qgg8kicmcvivwmybwjlpf7wh20l-graalvm17-ce-22.3.0/lib/libjimage.so
7fc073f89000-7fc073f8d000 ---p 00000000 00:00 0 
7fc073f8d000-7fc074089000 rw-p 00000000 00:00 0 
7fc074089000-7fc074097000 r--p 00000000 00:efc 4611686019027979927       /nix/store/4nlgxhb09sdr51nc9hdm8az5b08vzkgx-glibc-2.35-163/lib/libm.so.6
7fc074097000-7fc07410a000 r-xp 0000e000 00:efc 4611686019027979927       /nix/store/4nlgxhb09sdr51nc9hdm8az5b08vzkgx-glibc-2.35-163/lib/libm.so.6
7fc07410a000-7fc074167000 r--p 00081000 00:efc 4611686019027979927       /nix/store/4nlgxhb09sdr51nc9hdm8az5b08vzkgx-glibc-2.35-163/lib/libm.so.6
7fc074167000-7fc074168000 r--p 000dd000 00:efc 4611686019027979927       /nix/store/4nlgxhb09sdr51nc9hdm8az5b08vzkgx-glibc-2.35-163/lib/libm.so.6
7fc074168000-7fc074169000 rw-p 000de000 00:efc 4611686019027979927       /nix/store/4nlgxhb09sdr51nc9hdm8az5b08vzkgx-glibc-2.35-163/lib/libm.so.6
7fc074169000-7fc07416a000 r--p 00000000 00:efc 4611686019027979946       /nix/store/4nlgxhb09sdr51nc9hdm8az5b08vzkgx-glibc-2.35-163/lib/librt.so.1
7fc07416a000-7fc07416b000 r-xp 00001000 00:efc 4611686019027979946       /nix/store/4nlgxhb09sdr51nc9hdm8az5b08vzkgx-glibc-2.35-163/lib/librt.so.1
7fc07416b000-7fc07416c000 r--p 00002000 00:efc 4611686019027979946       /nix/store/4nlgxhb09sdr51nc9hdm8az5b08vzkgx-glibc-2.35-163/lib/librt.so.1
7fc07416c000-7fc07416d000 r--p 00002000 00:efc 4611686019027979946       /nix/store/4nlgxhb09sdr51nc9hdm8az5b08vzkgx-glibc-2.35-163/lib/librt.so.1
7fc07416d000-7fc07416e000 rw-p 00003000 00:efc 4611686019027979946       /nix/store/4nlgxhb09sdr51nc9hdm8az5b08vzkgx-glibc-2.35-163/lib/librt.so.1
7fc07416e000-7fc075281000 r-xp 00000000 00:efc 4611686019135360866       /nix/store/gpxl5qgg8kicmcvivwmybwjlpf7wh20l-graalvm17-ce-22.3.0/lib/server/libjvm.so
7fc075281000-7fc075282000 ---p 01113000 00:efc 4611686019135360866       /nix/store/gpxl5qgg8kicmcvivwmybwjlpf7wh20l-graalvm17-ce-22.3.0/lib/server/libjvm.so
7fc075282000-7fc075337000 r--p 01113000 00:efc 4611686019135360866       /nix/store/gpxl5qgg8kicmcvivwmybwjlpf7wh20l-graalvm17-ce-22.3.0/lib/server/libjvm.so
7fc075337000-7fc07536b000 rw-p 011c8000 00:efc 4611686019135360866       /nix/store/gpxl5qgg8kicmcvivwmybwjlpf7wh20l-graalvm17-ce-22.3.0/lib/server/libjvm.so
7fc07536b000-7fc0753c7000 rw-p 00000000 00:00 0 
7fc0753c7000-7fc0753ef000 r--p 00000000 00:efc 4611686019027979918       /nix/store/4nlgxhb09sdr51nc9hdm8az5b08vzkgx-glibc-2.35-163/lib/libc.so.6
7fc0753ef000-7fc075565000 r-xp 00028000 00:efc 4611686019027979918       /nix/store/4nlgxhb09sdr51nc9hdm8az5b08vzkgx-glibc-2.35-163/lib/libc.so.6
7fc075565000-7fc0755bd000 r--p 0019e000 00:efc 4611686019027979918       /nix/store/4nlgxhb09sdr51nc9hdm8az5b08vzkgx-glibc-2.35-163/lib/libc.so.6
7fc0755bd000-7fc0755c1000 r--p 001f6000 00:efc 4611686019027979918       /nix/store/4nlgxhb09sdr51nc9hdm8az5b08vzkgx-glibc-2.35-163/lib/libc.so.6
7fc0755c1000-7fc0755c3000 rw-p 001fa000 00:efc 4611686019027979918       /nix/store/4nlgxhb09sdr51nc9hdm8az5b08vzkgx-glibc-2.35-163/lib/libc.so.6
7fc0755c3000-7fc0755d2000 rw-p 00000000 00:00 0 
7fc0755d2000-7fc0755d3000 r--p 00000000 00:efc 4611686019027979923       /nix/store/4nlgxhb09sdr51nc9hdm8az5b08vzkgx-glibc-2.35-163/lib/libdl.so.2
7fc0755d3000-7fc0755d4000 r-xp 00001000 00:efc 4611686019027979923       /nix/store/4nlgxhb09sdr51nc9hdm8az5b08vzkgx-glibc-2.35-163/lib/libdl.so.2
7fc0755d4000-7fc0755d5000 r--p 00002000 00:efc 4611686019027979923       /nix/store/4nlgxhb09sdr51nc9hdm8az5b08vzkgx-glibc-2.35-163/lib/libdl.so.2
7fc0755d5000-7fc0755d6000 r--p 00002000 00:efc 4611686019027979923       /nix/store/4nlgxhb09sdr51nc9hdm8az5b08vzkgx-glibc-2.35-163/lib/libdl.so.2
7fc0755d6000-7fc0755d7000 rw-p 00003000 00:efc 4611686019027979923       /nix/store/4nlgxhb09sdr51nc9hdm8az5b08vzkgx-glibc-2.35-163/lib/libdl.so.2
7fc0755d7000-7fc0755d8000 r--p 00000000 00:efc 4611686019027979942       /nix/store/4nlgxhb09sdr51nc9hdm8az5b08vzkgx-glibc-2.35-163/lib/libpthread.so.0
7fc0755d8000-7fc0755d9000 r-xp 00001000 00:efc 4611686019027979942       /nix/store/4nlgxhb09sdr51nc9hdm8az5b08vzkgx-glibc-2.35-163/lib/libpthread.so.0
7fc0755d9000-7fc0755da000 r--p 00002000 00:efc 4611686019027979942       /nix/store/4nlgxhb09sdr51nc9hdm8az5b08vzkgx-glibc-2.35-163/lib/libpthread.so.0
7fc0755da000-7fc0755db000 r--p 00002000 00:efc 4611686019027979942       /nix/store/4nlgxhb09sdr51nc9hdm8az5b08vzkgx-glibc-2.35-163/lib/libpthread.so.0
7fc0755db000-7fc0755dc000 rw-p 00003000 00:efc 4611686019027979942       /nix/store/4nlgxhb09sdr51nc9hdm8az5b08vzkgx-glibc-2.35-163/lib/libpthread.so.0
7fc0755dc000-7fc0755ea000 r-xp 00000000 00:efc 4611686019135190033       /nix/store/gpxl5qgg8kicmcvivwmybwjlpf7wh20l-graalvm17-ce-22.3.0/lib/libjli.so
7fc0755ea000-7fc0755eb000 ---p 0000e000 00:efc 4611686019135190033       /nix/store/gpxl5qgg8kicmcvivwmybwjlpf7wh20l-graalvm17-ce-22.3.0/lib/libjli.so
7fc0755eb000-7fc0755ec000 r--p 0000e000 00:efc 4611686019135190033       /nix/store/gpxl5qgg8kicmcvivwmybwjlpf7wh20l-graalvm17-ce-22.3.0/lib/libjli.so
7fc0755ec000-7fc0755ed000 rw-p 0000f000 00:efc 4611686019135190033       /nix/store/gpxl5qgg8kicmcvivwmybwjlpf7wh20l-graalvm17-ce-22.3.0/lib/libjli.so
7fc0755ed000-7fc0755ee000 rw-p 00012000 00:efc 4611686019135190033       /nix/store/gpxl5qgg8kicmcvivwmybwjlpf7wh20l-graalvm17-ce-22.3.0/lib/libjli.so
7fc0755ee000-7fc0755f1000 r--p 00000000 00:efc 4611686019106210071       /nix/store/026hln0aq1hyshaxsdvhg0kmcm6yf45r-zlib-1.2.13/lib/libz.so.1.2.13
7fc0755f1000-7fc075603000 r-xp 00003000 00:efc 4611686019106210071       /nix/store/026hln0aq1hyshaxsdvhg0kmcm6yf45r-zlib-1.2.13/lib/libz.so.1.2.13
7fc075603000-7fc07560a000 r--p 00015000 00:efc 4611686019106210071       /nix/store/026hln0aq1hyshaxsdvhg0kmcm6yf45r-zlib-1.2.13/lib/libz.so.1.2.13
7fc07560a000-7fc07560b000 r--p 0001b000 00:efc 4611686019106210071       /nix/store/026hln0aq1hyshaxsdvhg0kmcm6yf45r-zlib-1.2.13/lib/libz.so.1.2.13
7fc07560b000-7fc07560c000 rw-p 0001c000 00:efc 4611686019106210071       /nix/store/026hln0aq1hyshaxsdvhg0kmcm6yf45r-zlib-1.2.13/lib/libz.so.1.2.13
7fc07560c000-7fc07560e000 rw-p 00000000 00:00 0 
7fc07560e000-7fc075610000 r--p 00000000 00:efc 4611686019027979912       /nix/store/4nlgxhb09sdr51nc9hdm8az5b08vzkgx-glibc-2.35-163/lib/ld-linux-x86-64.so.2
7fc075610000-7fc075637000 r-xp 00002000 00:efc 4611686019027979912       /nix/store/4nlgxhb09sdr51nc9hdm8az5b08vzkgx-glibc-2.35-163/lib/ld-linux-x86-64.so.2
7fc075637000-7fc075643000 r--p 00029000 00:efc 4611686019027979912       /nix/store/4nlgxhb09sdr51nc9hdm8az5b08vzkgx-glibc-2.35-163/lib/ld-linux-x86-64.so.2
7fc075643000-7fc075645000 r--p 00034000 00:efc 4611686019027979912       /nix/store/4nlgxhb09sdr51nc9hdm8az5b08vzkgx-glibc-2.35-163/lib/ld-linux-x86-64.so.2
7fc075645000-7fc075647000 rw-p 00036000 00:efc 4611686019027979912       /nix/store/4nlgxhb09sdr51nc9hdm8az5b08vzkgx-glibc-2.35-163/lib/ld-linux-x86-64.so.2
7ffdef8cc000-7ffdef8f0000 rw-p 00000000 00:00 0                          [stack]
7ffdef8f9000-7ffdef8fd000 r--p 00000000 00:00 0                          [vvar]
7ffdef8fd000-7ffdef8ff000 r-xp 00000000 00:00 0                          [vdso]
ffffffffff600000-ffffffffff601000 --xp 00000000 00:00 0                  [vsyscall]


VM Arguments:
jvm_args: -XX:ThreadPriorityPolicy=1 -XX:+UnlockExperimentalVMOptions -XX:+EnableJVMCIProduct -XX:JVMCIThreadsPerNativeLibraryRuntime=1 -XX:-UnlockExperimentalVMOptions -Declipse.application=org.eclipse.jdt.ls.core.id1 -Dosgi.bundles.defaultStartLevel=4 -Declipse.product=org.eclipse.jdt.ls.core.product -Dlog.level=ALL -Xverify:none -XX:+UseParallelGC -XX:GCTimeRatio=4 -XX:AdaptiveSizePolicyWeight=90 -Dsun.zip.disableMemoryMapping=true -Xmx512m -Xms100m 
java_command: /nix/store/m6gcpi1ii6rghy04cjwjddcavv7i90df-jdt-language-server-1.9.0/share/java/plugins/org.eclipse.equinox.launcher_1.6.400.v20210924-0641.jar --add-modules=ALL-SYSTEM --add-opens java.base/java.util=ALL-UNNAMED --add-opens java.base/java.lang=ALL-UNNAMED -configuration /home/runner/.cache/jdt-language-server/config -data /home/runner/.cache/jdt-language-server/data/home/runner/inventory-assignment-GerardSmith28-1
java_class_path (initial): /nix/store/m6gcpi1ii6rghy04cjwjddcavv7i90df-jdt-language-server-1.9.0/share/java/plugins/org.eclipse.equinox.launcher_1.6.400.v20210924-0641.jar
Launcher Type: SUN_STANDARD

[Global flags]
    uintx AdaptiveSizePolicyWeight                 = 90                                        {product} {command line}
     intx CICompilerCount                          = 2                                         {product} {ergonomic}
     bool EnableJVMCIProduct                       = true                                {JVMCI product} {jimage}
    uintx GCTimeRatio                              = 4                                         {product} {command line}
   size_t InitialHeapSize                          = 104857600                                 {product} {command line}
     uint JVMCIThreadsPerNativeLibraryRuntime      = 1                                   {JVMCI product} {jimage}
   size_t MaxHeapSize                              = 536870912                                 {product} {command line}
   size_t MaxNewSize                               = 178782208                                 {product} {ergonomic}
   size_t MinHeapDeltaBytes                        = 524288                                    {product} {ergonomic}
   size_t MinHeapSize                              = 104857600                                 {product} {command line}
   size_t NewSize                                  = 34603008                                  {product} {ergonomic}
    uintx NonNMethodCodeHeapSize                   = 5826188                                {pd product} {ergonomic}
    uintx NonProfiledCodeHeapSize                  = 122916026                              {pd product} {ergonomic}
   size_t OldSize                                  = 70254592                                  {product} {ergonomic}
    uintx ProfiledCodeHeapSize                     = 122916026                              {pd product} {ergonomic}
    uintx ReservedCodeCacheSize                    = 251658240                              {pd product} {ergonomic}
     bool SegmentedCodeCache                       = true                                      {product} {ergonomic}
   size_t SoftMaxHeapSize                          = 536870912                              {manageable} {ergonomic}
     intx ThreadPriorityPolicy                     = 1                                         {product} {jimage}
     bool UseCompressedClassPointers               = true                           {product lp64_product} {ergonomic}
     bool UseCompressedOops                        = true                           {product lp64_product} {ergonomic}
     bool UseParallelGC                            = true                                      {product} {command line}

Logging:
Log output configuration:
 #0: stdout all=warning uptime,level,tags
 #1: stderr all=off uptime,level,tags

Environment Variables:
JAVA_HOME=/nix/store/gpxl5qgg8kicmcvivwmybwjlpf7wh20l-graalvm17-ce-22.3.0
PATH=/nix/store/1d6ian3r8kdzspw8hacjhl3xkp40g1lj-binutils-wrapper-2.39/bin:/nix/store/dq0xwmsk1g0i2ayg6pb7y87na2knzylh-gcc-wrapper-11.3.0/bin:/nix/store/bap4d0lpcrhpwmpb8ayjcgkmvfj62lnq-bash-interactive-5.1-p16/bin:/nix/store/pr5n59mb4jzmfx6kanwxly0l07p861fg-patchelf-0.15.0/bin:/nix/store/1gf2flfqnpqbr1b4p4qz2f72y42bs56r-gcc-11.3.0/bin:/nix/store/57xv61c5zi8pphjbcwxxjlgc34p61ic9-glibc-2.35-163-bin/bin:/nix/store/a7gvj343m05j2s32xcnwr35v31ynlypr-coreutils-9.1/bin:/nix/store/039g378vc3pc3dvi9dzdlrd0i4q93qwf-binutils-2.39/bin:/nix/store/gpxl5qgg8kicmcvivwmybwjlpf7wh20l-graalvm17-ce-22.3.0/bin:/nix/store/6z9ag3ihc8mq2hzsw48lhbznvzny65nz-apache-maven-3.8.6/bin:/nix/store/m6gcpi1ii6rghy04cjwjddcavv7i90df-jdt-language-server-1.9.0/bin:/nix/store/84xs5alhs01zrbr4ywm05kxbjbp5590l-java-debug/bin:/nix/store/mydc6f4k2z73xlcz7ilif3v2lcaiqvza-findutils-4.9.0/bin:/nix/store/j9p3g8472iijd50vhdprx0nmk2fqn5gv-diffutils-3.8/bin:/nix/store/89zs7rms6x00xfq4dq6m7mjnhkr8a6r4-gnused-4.8/bin:/nix/store/86bp03jkmsl6f92w0yzg4s59g5mhxwmy-gnugrep-3.7/bin:/nix/store/hwcdqw4jrjnd37wxqgsd47hd0j8bnj09-gawk-5.1.1/bin:/nix/store/cfbhw8r8ags41vwqaz47r583d0p4h4a1-gnutar-1.34/bin:/nix/store/p3m1ndl1lapwrlh698bnb5lvvxh67378-gzip-1.12/bin:/nix/store/a8mhcagrsly7c7mpjrpsnaahk4aax056-bzip2-1.0.8-bin/bin:/nix/store/mblgz65m3zv9x548a3d5m96fj2pbwr09-gnumake-4.3/bin:/nix/store/dsd5gz46hdbdk2rfdimqddhq6m8m8fqs-bash-5.1-p16/bin:/nix/store/v7ljksji50mg3w61dykaa3n3y79n6nil-patch-2.7.6/bin:/nix/store/zlcnmqq14jz5x9439jf937mvayyl63da-xz-5.2.7-bin/bin:/nix/store/y6aj732zm9m87c82fpvf103a1xb22blp-file-5.43/bin:/nix/store/i4kzir3m7mrisxmf5xvlnkw01x4qaqr4-prybar-elisp-0.0.0-e0d9a52/bin:/nix/store/lwwivxf6h7x3cvxp9zv8sj0mv7dak99r-prybar-lua-0.0.0-e0d9a52/bin:/nix/store/gxj28g1cg4hq3qanmjv07156h800qr58-prybar-python3-0.0.0-e0d9a52/bin:/nix/store/hshkjnxrgidigf8x75vg6lqng2xlx9i3-prybar-sqlite-0.0.0-e0d9a52/bin:/nix/store/c4w01bpjgyy5ixmwdk8m1pw87zq4sl26-prybar-tcl-0.0.0-e0d9a52/bin:/nix/store/hpbvrlwd5viqmvcaisb3x0118i913a9n-st
LD_LIBRARY_PATH=/nix/store/a4pff549sk2idnkpzk5nsfps3mdkdnvm-cups-2.4.2-lib/lib:/nix/store/72mqxxhh3cy5yifh92wh2yb8cl2hikyy-cairo-1.16.0/lib:/nix/store/2k366jrbsra97gjfxwvrhvixjfxdach5-glib-2.74.1/lib:/nix/store/2j2znigd8ak37rlwh9khz0ry3clqlw1l-gtk+3-3.24.34/lib:/nix/store/hisqvx32cd57apbpcsnkpx6k3549wql1-libglvnd-1.4.0/lib:/nix/store/p36pgcv991mq5srvg765b78yqpxvk3qs-mesa-21.3.3-drivers/lib:/nix/store/mav4251if1ahjq5vkpwycyyvnmy459c4-pulseaudio-14.2/lib
DISPLAY=:0
LANG=en_US.UTF-8

Signal Handlers:
   SIGSEGV: crash_handler in libjvm.so, mask=11100100010111111101111111111110, flags=SA_RESTART|SA_SIGINFO
    SIGBUS: crash_handler in libjvm.so, mask=11100100010111111101111111111110, flags=SA_RESTART|SA_SIGINFO
    SIGFPE: crash_handler in libjvm.so, mask=11100100010111111101111111111110, flags=SA_RESTART|SA_SIGINFO
   SIGPIPE: IsolateEnterStub_IgnoreSIGPIPEStartupHook_noopSignalHandler_8f19bff2f35b5f630d83b364d6b2339320d4ec70_216e8361c6bc87a8f89f58cc10d3b2fd4415bf87 in libjvmcicompiler.so, mask=00000000000000000000000000000000, flags=SA_RESTART
  *** Handler was modified!
  *** Expected: javaSignalHandler in libjvm.so, mask=11100100110111111111111111111110, flags=SA_RESTART|SA_SIGINFO
   SIGXFSZ: javaSignalHandler in libjvm.so, mask=11100100010111111101111111111110, flags=SA_RESTART|SA_SIGINFO
    SIGILL: crash_handler in libjvm.so, mask=11100100010111111101111111111110, flags=SA_RESTART|SA_SIGINFO
   SIGUSR2: SR_handler in libjvm.so, mask=00000000000000000000000000000000, flags=SA_RESTART|SA_SIGINFO
    SIGHUP: UserHandler in libjvm.so, mask=11100100010111111101111111111110, flags=SA_RESTART|SA_SIGINFO
    SIGINT: UserHandler in libjvm.so, mask=11100100010111111101111111111110, flags=SA_RESTART|SA_SIGINFO
   SIGTERM: UserHandler in libjvm.so, mask=11100100010111111101111111111110, flags=SA_RESTART|SA_SIGINFO
   SIGQUIT: UserHandler in libjvm.so, mask=11100100010111111101111111111110, flags=SA_RESTART|SA_SIGINFO
  *** Handler was modified!
  *** Expected: javaSignalHandler in libjvm.so, mask=11100100110111111111111111111110, flags=SA_RESTART|SA_SIGINFO
   SIGTRAP: crash_handler in libjvm.so, mask=11100100010111111101111111111110, flags=SA_RESTART|SA_SIGINFO


---------------  S Y S T E M  ---------------

OS:
DISTRIB_ID=Ubuntu
DISTRIB_RELEASE=20.04
DISTRIB_CODENAME=focal
DISTRIB_DESCRIPTION="Ubuntu 20.04.2 LTS"
uname: Linux 5.15.0-1030-gcp #37~20.04.1-Ubuntu SMP Mon Feb 20 04:30:57 UTC 2023 x86_64
OS uptime: 0 days 3:18 hours
libc: glibc 2.35 NPTL 2.35 
rlimit (soft/hard): STACK 8192k/infinity , CORE infinity/infinity , NPROC infinity/infinity , NOFILE 5242/5242 , AS infinity/infinity , CPU infinity/infinity , DATA infinity/infinity , FSIZE infinity/infinity , MEMLOCK 64k/64k
load average: 19.77 21.02 21.55

/proc/meminfo:
MemTotal:       65852732 kB
MemFree:        27557296 kB
MemAvailable:   44905936 kB
Buffers:         2419584 kB
Cached:         14081328 kB
SwapCached:            0 kB
Active:          6872324 kB
Inactive:       27794872 kB
Active(anon):      14384 kB
Inactive(anon): 17957432 kB
Active(file):    6857940 kB
Inactive(file):  9837440 kB
Unevictable:       42720 kB
Mlocked:           42720 kB
SwapTotal:             0 kB
SwapFree:              0 kB
Dirty:              2172 kB
Writeback:             0 kB
AnonPages:      17089144 kB
Mapped:          1649932 kB
Shmem:             37712 kB
KReclaimable:    1379860 kB
Slab:            2564748 kB
SReclaimable:    1379860 kB
SUnreclaim:      1184888 kB
KernelStack:      415556 kB
PageTables:       180836 kB
NFS_Unstable:          0 kB
Bounce:                0 kB
WritebackTmp:          0 kB
CommitLimit:    32926364 kB
Committed_AS:   58182948 kB
VmallocTotal:   34359738367 kB
VmallocUsed:      451540 kB
VmallocChunk:          0 kB
Percpu:            57216 kB
HardwareCorrupted:     0 kB
AnonHugePages:   1748992 kB
ShmemHugePages:        0 kB
ShmemPmdMapped:        0 kB
FileHugePages:         0 kB
FilePmdMapped:         0 kB
HugePages_Total:       0
HugePages_Free:        0
HugePages_Rsvd:        0
HugePages_Surp:        0
Hugepagesize:       2048 kB
Hugetlb:               0 kB
DirectMap4k:     3597120 kB
DirectMap2M:    41488384 kB
DirectMap1G:    24117248 kB

/sys/kernel/mm/transparent_hugepage/enabled: always [madvise] never
/sys/kernel/mm/transparent_hugepage/defrag (defrag/compaction efforts parameter): always defer defer+madvise [madvise] never

Process Memory:
Virtual Size: 4788312K (peak: 4836156K)
Resident Set Size: 750424K (peak: 789328K) (anon: 556392K, file: 194032K, shmem: 0K)
Swapped out: 0K
C-Heap outstanding allocations: 43691K, retained: 12672K
glibc malloc tunables: (default)

/proc/sys/kernel/threads-max (system-wide limit on the number of threads): 514406
/proc/sys/vm/max_map_count (maximum number of memory map areas a process may have): 65530
/proc/sys/kernel/pid_max (system-wide limit on number of process identifiers): 4194304

container (cgroup) information:
container_type: cgroupv1
cpu_cpuset_cpus: 2-7
cpu_memory_nodes: 0
active_processor_count: 1
cpu_quota: 50000
cpu_period: 100000
cpu_shares: 512
memory_limit_in_bytes: 1048576 k
memory_and_swap_limit_in_bytes: 1048576 k
memory_soft_limit_in_bytes: 524288 k
memory_usage_in_bytes: 1022196 k
memory_max_usage_in_bytes: 1048576 k
maximum number of tasks: 1000
current number of tasks: 50

KVM virtualization detected
Steal ticks since vm start: 0
Steal ticks percentage since vm start:  0.000

CPU: total 8 (initial active 1) (8 cores per cpu, 2 threads per core) family 23 model 49 stepping 0 microcode 0xffffffff, cx8, cmov, fxsr, ht, mmx, 3dnowpref, sse, sse2, sse3, ssse3, sse4a, sse4.1, sse4.2, popcnt, lzcnt, tsc, tscinvbit, avx, avx2, aes, clmul, bmi1, bmi2, adx, sha, fma, vzeroupper, clflush, clflushopt, hv
CPU Model and flags from /proc/cpuinfo:
model name	: AMD EPYC 7B12
flags		: fpu vme de pse tsc msr pae mce cx8 apic sep mtrr pge mca cmov pat pse36 clflush mmx fxsr sse sse2 ht syscall nx mmxext fxsr_opt pdpe1gb rdtscp lm constant_tsc rep_good nopl nonstop_tsc cpuid extd_apicid tsc_known_freq pni pclmulqdq ssse3 fma cx16 sse4_1 sse4_2 movbe popcnt aes xsave avx f16c rdrand hypervisor lahf_lm cmp_legacy cr8_legacy abm sse4a misalignsse 3dnowprefetch osvw topoext ssbd ibrs ibpb stibp vmmcall fsgsbase tsc_adjust bmi1 avx2 smep bmi2 rdseed adx smap clflushopt clwb sha_ni xsaveopt xsavec xgetbv1 clzero xsaveerptr arat npt nrip_save umip rdpid

Online cpus: 0-7
Offline cpus: 
BIOS frequency limitation: <Not Available>
Frequency switch latency (ns): <Not Available>
Available cpu frequencies: <Not Available>
Current governor: <Not Available>
Core performance/turbo boost: <Not Available>

Memory: 4k page, physical 1048576k(26380k free), swap 0k(0k free)
Page Sizes: 4k

vm_info: OpenJDK 64-Bit Server VM (17.0.5+8-jvmci-22.3-b08) for linux-amd64 JRE (17.0.5+8-jvmci-22.3-b08), built on Oct 19 2022 09:01:27 by "buildslave" with gcc 10.3.0

END.
